[0.008s] Invoking command in '/home/turner/yardbot_ws/build/yardbot_bringup': CMAKE_PREFIX_PATH=/home/turner/yardbot_ws/install/yardbot_description:/home/turner/yardbot_ws/install/yardbot_bringup:/opt/ros/jazzy/opt/gz_math_vendor:/opt/ros/jazzy/opt/gz_utils_vendor:/opt/ros/jazzy/opt/gz_cmake_vendor:/opt/ros/jazzy DEBUGINFOD_URLS=https://debuginfod.ubuntu.com VIRTUAL_ENV_PROMPT=(.venv) /usr/bin/cmake --build /home/turner/yardbot_ws/build/yardbot_bringup -- -j16 -l16
[0.053s] Invoked command in '/home/turner/yardbot_ws/build/yardbot_bringup' returned '0': CMAKE_PREFIX_PATH=/home/turner/yardbot_ws/install/yardbot_description:/home/turner/yardbot_ws/install/yardbot_bringup:/opt/ros/jazzy/opt/gz_math_vendor:/opt/ros/jazzy/opt/gz_utils_vendor:/opt/ros/jazzy/opt/gz_cmake_vendor:/opt/ros/jazzy DEBUGINFOD_URLS=https://debuginfod.ubuntu.com VIRTUAL_ENV_PROMPT=(.venv) /usr/bin/cmake --build /home/turner/yardbot_ws/build/yardbot_bringup -- -j16 -l16
[0.054s] Invoking command in '/home/turner/yardbot_ws/build/yardbot_bringup': CMAKE_PREFIX_PATH=/home/turner/yardbot_ws/install/yardbot_description:/home/turner/yardbot_ws/install/yardbot_bringup:/opt/ros/jazzy/opt/gz_math_vendor:/opt/ros/jazzy/opt/gz_utils_vendor:/opt/ros/jazzy/opt/gz_cmake_vendor:/opt/ros/jazzy DEBUGINFOD_URLS=https://debuginfod.ubuntu.com VIRTUAL_ENV_PROMPT=(.venv) /usr/bin/cmake --install /home/turner/yardbot_ws/build/yardbot_bringup
[0.063s] -- Install configuration: ""
[0.063s] -- Up-to-date: /home/turner/yardbot_ws/install/yardbot_bringup/share/ament_index/resource_index/package_run_dependencies/yardbot_bringup
[0.063s] -- Up-to-date: /home/turner/yardbot_ws/install/yardbot_bringup/share/ament_index/resource_index/parent_prefix_path/yardbot_bringup
[0.063s] -- Up-to-date: /home/turner/yardbot_ws/install/yardbot_bringup/share/yardbot_bringup/environment/ament_prefix_path.sh
[0.064s] -- Up-to-date: /home/turner/yardbot_ws/install/yardbot_bringup/share/yardbot_bringup/environment/ament_prefix_path.dsv
[0.064s] -- Up-to-date: /home/turner/yardbot_ws/install/yardbot_bringup/share/yardbot_bringup/environment/path.sh
[0.064s] -- Up-to-date: /home/turner/yardbot_ws/install/yardbot_bringup/share/yardbot_bringup/environment/path.dsv
[0.064s] -- Up-to-date: /home/turner/yardbot_ws/install/yardbot_bringup/share/yardbot_bringup/local_setup.bash
[0.064s] -- Up-to-date: /home/turner/yardbot_ws/install/yardbot_bringup/share/yardbot_bringup/local_setup.sh
[0.064s] -- Up-to-date: /home/turner/yardbot_ws/install/yardbot_bringup/share/yardbot_bringup/local_setup.zsh
[0.064s] -- Up-to-date: /home/turner/yardbot_ws/install/yardbot_bringup/share/yardbot_bringup/local_setup.dsv
[0.064s] -- Installing: /home/turner/yardbot_ws/install/yardbot_bringup/share/yardbot_bringup/package.dsv
[0.064s] -- Up-to-date: /home/turner/yardbot_ws/install/yardbot_bringup/share/ament_index/resource_index/packages/yardbot_bringup
[0.064s] -- Up-to-date: /home/turner/yardbot_ws/install/yardbot_bringup/share/yardbot_bringup/cmake/yardbot_bringupConfig.cmake
[0.064s] -- Up-to-date: /home/turner/yardbot_ws/install/yardbot_bringup/share/yardbot_bringup/cmake/yardbot_bringupConfig-version.cmake
[0.064s] -- Up-to-date: /home/turner/yardbot_ws/install/yardbot_bringup/share/yardbot_bringup/package.xml
[0.066s] Invoked command in '/home/turner/yardbot_ws/build/yardbot_bringup' returned '0': CMAKE_PREFIX_PATH=/home/turner/yardbot_ws/install/yardbot_description:/home/turner/yardbot_ws/install/yardbot_bringup:/opt/ros/jazzy/opt/gz_math_vendor:/opt/ros/jazzy/opt/gz_utils_vendor:/opt/ros/jazzy/opt/gz_cmake_vendor:/opt/ros/jazzy DEBUGINFOD_URLS=https://debuginfod.ubuntu.com VIRTUAL_ENV_PROMPT=(.venv) /usr/bin/cmake --install /home/turner/yardbot_ws/build/yardbot_bringup
