[0.597s] Invoking command in '/home/turner/yardbot_ws/src/yardbot_bringup': AMENT_PREFIX_PATH=/home/turner/yardbot_ws/install/yardbot_description:/home/turner/yardbot_ws/install/yardbot_bringup:/opt/ros/jazzy CMAKE_PREFIX_PATH=/home/turner/yardbot_ws/install/yardbot_description:/home/turner/yardbot_ws/install/yardbot_bringup:/opt/ros/jazzy/opt/gz_math_vendor:/opt/ros/jazzy/opt/gz_utils_vendor:/opt/ros/jazzy/opt/gz_cmake_vendor DEBUGINFOD_URLS=https://debuginfod.ubuntu.com PYTHONPATH=/home/turner/yardbot_ws/build/yardbot_bringup/prefix_override:/usr/lib/python3/dist-packages/colcon_core/task/python/colcon_distutils_commands:/home/turner/yardbot_ws/install/yardbot_bringup/lib/python3.12/site-packages:${PYTHONPATH} VIRTUAL_ENV_PROMPT=(.venv) /usr/bin/python3 -W ignore:setup.py install is deprecated -W ignore:easy_install command is deprecated setup.py egg_info --egg-base ../../build/yardbot_bringup build --build-base /home/turner/yardbot_ws/build/yardbot_bringup/build install --record /home/turner/yardbot_ws/build/yardbot_bringup/install.log --single-version-externally-managed install_data
[0.801s] running egg_info
[0.823s] writing ../../build/yardbot_bringup/yardbot_bringup.egg-info/PKG-INFO
[0.823s] writing dependency_links to ../../build/yardbot_bringup/yardbot_bringup.egg-info/dependency_links.txt
[0.823s] writing entry points to ../../build/yardbot_bringup/yardbot_bringup.egg-info/entry_points.txt
[0.824s] writing requirements to ../../build/yardbot_bringup/yardbot_bringup.egg-info/requires.txt
[0.824s] writing top-level names to ../../build/yardbot_bringup/yardbot_bringup.egg-info/top_level.txt
[0.868s] reading manifest file '../../build/yardbot_bringup/yardbot_bringup.egg-info/SOURCES.txt'
[0.869s] writing manifest file '../../build/yardbot_bringup/yardbot_bringup.egg-info/SOURCES.txt'
[0.869s] running build
[0.870s] running build_py
[0.870s] copying yardbot_bringup/qos_relay_node.py -> /home/turner/yardbot_ws/build/yardbot_bringup/build/lib/yardbot_bringup
[0.870s] running install
[0.876s] running install_lib
[0.895s] copying /home/turner/yardbot_ws/build/yardbot_bringup/build/lib/yardbot_bringup/qos_relay_node.py -> /home/turner/yardbot_ws/install/yardbot_bringup/lib/python3.12/site-packages/yardbot_bringup
[0.896s] byte-compiling /home/turner/yardbot_ws/install/yardbot_bringup/lib/python3.12/site-packages/yardbot_bringup/qos_relay_node.py to qos_relay_node.cpython-312.pyc
[0.897s] running install_data
[0.897s] running install_egg_info
[0.913s] removing '/home/turner/yardbot_ws/install/yardbot_bringup/lib/python3.12/site-packages/yardbot_bringup-0.1.0-py3.12.egg-info' (and everything under it)
[0.913s] Copying ../../build/yardbot_bringup/yardbot_bringup.egg-info to /home/turner/yardbot_ws/install/yardbot_bringup/lib/python3.12/site-packages/yardbot_bringup-0.1.0-py3.12.egg-info
[0.914s] running install_scripts
[1.010s] Installing depth_to_grid script to /home/turner/yardbot_ws/install/yardbot_bringup/lib/yardbot_bringup
[1.010s] Installing qos_relay script to /home/turner/yardbot_ws/install/yardbot_bringup/lib/yardbot_bringup
[1.011s] writing list of installed files to '/home/turner/yardbot_ws/build/yardbot_bringup/install.log'
[1.037s] Invoked command in '/home/turner/yardbot_ws/src/yardbot_bringup' returned '0': AMENT_PREFIX_PATH=/home/turner/yardbot_ws/install/yardbot_description:/home/turner/yardbot_ws/install/yardbot_bringup:/opt/ros/jazzy CMAKE_PREFIX_PATH=/home/turner/yardbot_ws/install/yardbot_description:/home/turner/yardbot_ws/install/yardbot_bringup:/opt/ros/jazzy/opt/gz_math_vendor:/opt/ros/jazzy/opt/gz_utils_vendor:/opt/ros/jazzy/opt/gz_cmake_vendor DEBUGINFOD_URLS=https://debuginfod.ubuntu.com PYTHONPATH=/home/turner/yardbot_ws/build/yardbot_bringup/prefix_override:/usr/lib/python3/dist-packages/colcon_core/task/python/colcon_distutils_commands:/home/turner/yardbot_ws/install/yardbot_bringup/lib/python3.12/site-packages:${PYTHONPATH} VIRTUAL_ENV_PROMPT=(.venv) /usr/bin/python3 -W ignore:setup.py install is deprecated -W ignore:easy_install command is deprecated setup.py egg_info --egg-base ../../build/yardbot_bringup build --build-base /home/turner/yardbot_ws/build/yardbot_bringup/build install --record /home/turner/yardbot_ws/build/yardbot_bringup/install.log --single-version-externally-managed install_data
