[0.750s] Invoking command in '/home/turner/yardbot_ws/src/yardbot_description': DEBUGINFOD_URLS=https://debuginfod.ubuntu.com PYTHONPATH=/home/turner/yardbot_ws/build/yardbot_description/prefix_override:/usr/lib/python3/dist-packages/colcon_core/task/python/colcon_distutils_commands:/home/turner/yardbot_ws/install/yardbot_description/lib/python3.12/site-packages:${PYTHONPATH} VIRTUAL_ENV_PROMPT=(.venv) /usr/bin/python3 -W ignore:setup.py install is deprecated -W ignore:easy_install command is deprecated setup.py egg_info --egg-base ../../build/yardbot_description build --build-base /home/turner/yardbot_ws/build/yardbot_description/build install --record /home/turner/yardbot_ws/build/yardbot_description/install.log --single-version-externally-managed install_data
[0.932s] running egg_info
[0.944s] writing ../../build/yardbot_description/yardbot_description.egg-info/PKG-INFO
[0.944s] writing dependency_links to ../../build/yardbot_description/yardbot_description.egg-info/dependency_links.txt
[0.945s] writing requirements to ../../build/yardbot_description/yardbot_description.egg-info/requires.txt
[0.945s] writing top-level names to ../../build/yardbot_description/yardbot_description.egg-info/top_level.txt
[0.970s] reading manifest file '../../build/yardbot_description/yardbot_description.egg-info/SOURCES.txt'
[0.971s] writing manifest file '../../build/yardbot_description/yardbot_description.egg-info/SOURCES.txt'
[0.971s] running build
[0.971s] running build_py
[0.971s] running install
[0.975s] running install_lib
[0.989s] running install_data
[0.989s] copying urdf/yardbot.urdf.xacro -> /home/turner/yardbot_ws/install/yardbot_description/share/yardbot_description/urdf
[0.989s] running install_egg_info
[1.003s] removing '/home/turner/yardbot_ws/install/yardbot_description/lib/python3.12/site-packages/yardbot_description-0.0.0-py3.12.egg-info' (and everything under it)
[1.003s] Copying ../../build/yardbot_description/yardbot_description.egg-info to /home/turner/yardbot_ws/install/yardbot_description/lib/python3.12/site-packages/yardbot_description-0.0.0-py3.12.egg-info
[1.004s] running install_scripts
[1.095s] writing list of installed files to '/home/turner/yardbot_ws/build/yardbot_description/install.log'
[1.119s] Invoked command in '/home/turner/yardbot_ws/src/yardbot_description' returned '0': DEBUGINFOD_URLS=https://debuginfod.ubuntu.com PYTHONPATH=/home/turner/yardbot_ws/build/yardbot_description/prefix_override:/usr/lib/python3/dist-packages/colcon_core/task/python/colcon_distutils_commands:/home/turner/yardbot_ws/install/yardbot_description/lib/python3.12/site-packages:${PYTHONPATH} VIRTUAL_ENV_PROMPT=(.venv) /usr/bin/python3 -W ignore:setup.py install is deprecated -W ignore:easy_install command is deprecated setup.py egg_info --egg-base ../../build/yardbot_description build --build-base /home/turner/yardbot_ws/build/yardbot_description/build install --record /home/turner/yardbot_ws/build/yardbot_description/install.log --single-version-externally-managed install_data
