[0.010s] Invoking command in '/home/turner/yardbot_ws/build/yardbot_description': CMAKE_PREFIX_PATH=${CMAKE_PREFIX_PATH}:/home/turner/yardbot_ws/install/yardbot_bringup:/opt/ros/jazzy DEBUGINFOD_URLS=https://debuginfod.ubuntu.com /usr/bin/cmake /home/turner/yardbot_ws/src/yardbot_description -DCMAKE_INSTALL_PREFIX=/home/turner/yardbot_ws/install/yardbot_description
[0.068s] -- The C compiler identification is GNU 13.3.0
[0.133s] -- The CXX compiler identification is GNU 13.3.0
[0.154s] -- Detecting C compiler ABI info
[0.254s] -- Detecting C compiler ABI info - done
[0.264s] -- Check for working C compiler: /usr/bin/cc - skipped
[0.264s] -- Detecting C compile features
[0.264s] -- Detecting C compile features - done
[0.274s] -- Detecting CXX compiler ABI info
[0.384s] -- Detecting CXX compiler ABI info - done
[0.394s] -- Check for working CXX compiler: /usr/bin/c++ - skipped
[0.395s] -- Detecting CXX compile features
[0.395s] -- Detecting CXX compile features - done
[0.398s] -- Found ament_cmake: 2.5.5 (/opt/ros/jazzy/share/ament_cmake/cmake)
[0.552s] -- Found Python3: /usr/bin/python3 (found version "3.12.3") found components: Interpreter 
[0.630s] -- Found ament_lint_auto: 0.17.4 (/opt/ros/jazzy/share/ament_lint_auto/cmake)
[0.707s] -- Added test 'flake8' to check Python code syntax and style conventions
[0.707s] -- Configured 'flake8' exclude dirs and/or files: 
[0.708s] -- Added test 'lint_cmake' to check CMake code style
[0.708s] -- Added test 'pep257' to check Python code against some of the docstring style conventions in PEP 257
[0.709s] -- Added test 'xmllint' to check XML markup files
[0.710s] -- Configuring done (0.7s)
[0.712s] -- Generating done (0.0s)
[0.713s] -- Build files have been written to: /home/turner/yardbot_ws/build/yardbot_description
[0.719s] Invoked command in '/home/turner/yardbot_ws/build/yardbot_description' returned '0': CMAKE_PREFIX_PATH=${CMAKE_PREFIX_PATH}:/home/turner/yardbot_ws/install/yardbot_bringup:/opt/ros/jazzy DEBUGINFOD_URLS=https://debuginfod.ubuntu.com /usr/bin/cmake /home/turner/yardbot_ws/src/yardbot_description -DCMAKE_INSTALL_PREFIX=/home/turner/yardbot_ws/install/yardbot_description
[0.719s] Invoking command in '/home/turner/yardbot_ws/build/yardbot_description': CMAKE_PREFIX_PATH=${CMAKE_PREFIX_PATH}:/home/turner/yardbot_ws/install/yardbot_bringup:/opt/ros/jazzy DEBUGINFOD_URLS=https://debuginfod.ubuntu.com /usr/bin/cmake --build /home/turner/yardbot_ws/build/yardbot_description -- -j16 -l16
[0.748s] Invoked command in '/home/turner/yardbot_ws/build/yardbot_description' returned '0': CMAKE_PREFIX_PATH=${CMAKE_PREFIX_PATH}:/home/turner/yardbot_ws/install/yardbot_bringup:/opt/ros/jazzy DEBUGINFOD_URLS=https://debuginfod.ubuntu.com /usr/bin/cmake --build /home/turner/yardbot_ws/build/yardbot_description -- -j16 -l16
[0.758s] Invoking command in '/home/turner/yardbot_ws/build/yardbot_description': CMAKE_PREFIX_PATH=${CMAKE_PREFIX_PATH}:/home/turner/yardbot_ws/install/yardbot_bringup:/opt/ros/jazzy DEBUGINFOD_URLS=https://debuginfod.ubuntu.com /usr/bin/cmake --install /home/turner/yardbot_ws/build/yardbot_description
[0.764s] -- Install configuration: ""
[0.764s] -- Installing: /home/turner/yardbot_ws/install/yardbot_description/share/ament_index/resource_index/package_run_dependencies/yardbot_description
[0.764s] -- Installing: /home/turner/yardbot_ws/install/yardbot_description/share/ament_index/resource_index/parent_prefix_path/yardbot_description
[0.765s] -- Installing: /home/turner/yardbot_ws/install/yardbot_description/share/yardbot_description/environment/ament_prefix_path.sh
[0.765s] -- Installing: /home/turner/yardbot_ws/install/yardbot_description/share/yardbot_description/environment/ament_prefix_path.dsv
[0.765s] -- Installing: /home/turner/yardbot_ws/install/yardbot_description/share/yardbot_description/environment/path.sh
[0.765s] -- Installing: /home/turner/yardbot_ws/install/yardbot_description/share/yardbot_description/environment/path.dsv
[0.765s] -- Installing: /home/turner/yardbot_ws/install/yardbot_description/share/yardbot_description/local_setup.bash
[0.765s] -- Installing: /home/turner/yardbot_ws/install/yardbot_description/share/yardbot_description/local_setup.sh
[0.765s] -- Installing: /home/turner/yardbot_ws/install/yardbot_description/share/yardbot_description/local_setup.zsh
[0.766s] -- Installing: /home/turner/yardbot_ws/install/yardbot_description/share/yardbot_description/local_setup.dsv
[0.766s] -- Installing: /home/turner/yardbot_ws/install/yardbot_description/share/yardbot_description/package.dsv
[0.766s] -- Installing: /home/turner/yardbot_ws/install/yardbot_description/share/ament_index/resource_index/packages/yardbot_description
[0.766s] -- Installing: /home/turner/yardbot_ws/install/yardbot_description/share/yardbot_description/cmake/yardbot_descriptionConfig.cmake
[0.766s] -- Installing: /home/turner/yardbot_ws/install/yardbot_description/share/yardbot_description/cmake/yardbot_descriptionConfig-version.cmake
[0.766s] -- Installing: /home/turner/yardbot_ws/install/yardbot_description/share/yardbot_description/package.xml
[0.782s] Invoked command in '/home/turner/yardbot_ws/build/yardbot_description' returned '0': CMAKE_PREFIX_PATH=${CMAKE_PREFIX_PATH}:/home/turner/yardbot_ws/install/yardbot_bringup:/opt/ros/jazzy DEBUGINFOD_URLS=https://debuginfod.ubuntu.com /usr/bin/cmake --install /home/turner/yardbot_ws/build/yardbot_description
