[0.752s] Invoking command in '/home/turner/yardbot_ws/src/yardbot_bringup': AMENT_PREFIX_PATH=/home/turner/yardbot_ws/install/yardbot_description:/home/turner/yardbot_ws/install/yardbot_bringup:/opt/ros/jazzy DEBUGINFOD_URLS=https://debuginfod.ubuntu.com PYTHONPATH=/home/turner/yardbot_ws/build/yardbot_bringup/prefix_override:/usr/lib/python3/dist-packages/colcon_core/task/python/colcon_distutils_commands:/home/turner/yardbot_ws/install/yardbot_bringup/lib/python3.12/site-packages:/home/turner/yardbot_ws/install/yardbot_description/lib/python3.12/site-packages:/home/turner/yardbot_ws/install/yardbot_bringup/lib/python3.12/site-packages:/opt/ros/jazzy/lib/python3.12/site-packages VIRTUAL_ENV_PROMPT=(.venv) /usr/bin/python3 -W ignore:setup.py install is deprecated -W ignore:easy_install command is deprecated setup.py egg_info --egg-base ../../build/yardbot_bringup build --build-base /home/turner/yardbot_ws/build/yardbot_bringup/build install --record /home/turner/yardbot_ws/build/yardbot_bringup/install.log --single-version-externally-managed install_data
[0.934s] running egg_info
[0.948s] writing ../../build/yardbot_bringup/yardbot_bringup.egg-info/PKG-INFO
[0.948s] writing dependency_links to ../../build/yardbot_bringup/yardbot_bringup.egg-info/dependency_links.txt
[0.948s] writing entry points to ../../build/yardbot_bringup/yardbot_bringup.egg-info/entry_points.txt
[0.948s] writing requirements to ../../build/yardbot_bringup/yardbot_bringup.egg-info/requires.txt
[0.948s] writing top-level names to ../../build/yardbot_bringup/yardbot_bringup.egg-info/top_level.txt
[0.975s] reading manifest file '../../build/yardbot_bringup/yardbot_bringup.egg-info/SOURCES.txt'
[0.976s] writing manifest file '../../build/yardbot_bringup/yardbot_bringup.egg-info/SOURCES.txt'
[0.976s] running build
[0.976s] running build_py
[0.976s] copying yardbot_bringup/sabertooth_node.py -> /home/turner/yardbot_ws/build/yardbot_bringup/build/lib/yardbot_bringup
[0.977s] running install
[0.980s] running install_lib
[0.995s] copying /home/turner/yardbot_ws/build/yardbot_bringup/build/lib/yardbot_bringup/sabertooth_node.py -> /home/turner/yardbot_ws/install/yardbot_bringup/lib/python3.12/site-packages/yardbot_bringup
[0.995s] byte-compiling /home/turner/yardbot_ws/install/yardbot_bringup/lib/python3.12/site-packages/yardbot_bringup/sabertooth_node.py to sabertooth_node.cpython-312.pyc
[0.996s] running install_data
[0.996s] running install_egg_info
[1.011s] removing '/home/turner/yardbot_ws/install/yardbot_bringup/lib/python3.12/site-packages/yardbot_bringup-0.1.0-py3.12.egg-info' (and everything under it)
[1.011s] Copying ../../build/yardbot_bringup/yardbot_bringup.egg-info to /home/turner/yardbot_ws/install/yardbot_bringup/lib/python3.12/site-packages/yardbot_bringup-0.1.0-py3.12.egg-info
[1.012s] running install_scripts
[1.108s] Installing apriltag_overlay script to /home/turner/yardbot_ws/install/yardbot_bringup/lib/yardbot_bringup
[1.108s] Installing depth_to_grid script to /home/turner/yardbot_ws/install/yardbot_bringup/lib/yardbot_bringup
[1.108s] Installing qos_relay script to /home/turner/yardbot_ws/install/yardbot_bringup/lib/yardbot_bringup
[1.108s] Installing sabertooth_node script to /home/turner/yardbot_ws/install/yardbot_bringup/lib/yardbot_bringup
[1.108s] writing list of installed files to '/home/turner/yardbot_ws/build/yardbot_bringup/install.log'
[1.130s] Invoked command in '/home/turner/yardbot_ws/src/yardbot_bringup' returned '0': AMENT_PREFIX_PATH=/home/turner/yardbot_ws/install/yardbot_description:/home/turner/yardbot_ws/install/yardbot_bringup:/opt/ros/jazzy DEBUGINFOD_URLS=https://debuginfod.ubuntu.com PYTHONPATH=/home/turner/yardbot_ws/build/yardbot_bringup/prefix_override:/usr/lib/python3/dist-packages/colcon_core/task/python/colcon_distutils_commands:/home/turner/yardbot_ws/install/yardbot_bringup/lib/python3.12/site-packages:/home/turner/yardbot_ws/install/yardbot_description/lib/python3.12/site-packages:/home/turner/yardbot_ws/install/yardbot_bringup/lib/python3.12/site-packages:/opt/ros/jazzy/lib/python3.12/site-packages VIRTUAL_ENV_PROMPT=(.venv) /usr/bin/python3 -W ignore:setup.py install is deprecated -W ignore:easy_install command is deprecated setup.py egg_info --egg-base ../../build/yardbot_bringup build --build-base /home/turner/yardbot_ws/build/yardbot_bringup/build install --record /home/turner/yardbot_ws/build/yardbot_bringup/install.log --single-version-externally-managed install_data
