/home/turner/yardbot_ws/install/yardbot_bringup/lib/python3.12/site-packages/yardbot_bringup/apriltag_overlay_node.py
/home/turner/yardbot_ws/install/yardbot_bringup/lib/python3.12/site-packages/yardbot_bringup/depth_to_grid_node.py
/home/turner/yardbot_ws/install/yardbot_bringup/lib/python3.12/site-packages/yardbot_bringup/__init__.py
/home/turner/yardbot_ws/install/yardbot_bringup/lib/python3.12/site-packages/yardbot_bringup/qos_relay_node.py
/home/turner/yardbot_ws/install/yardbot_bringup/lib/python3.12/site-packages/yardbot_bringup/sabertooth_node.py
/home/turner/yardbot_ws/install/yardbot_bringup/lib/python3.12/site-packages/yardbot_bringup/__pycache__/apriltag_overlay_node.cpython-312.pyc
/home/turner/yardbot_ws/install/yardbot_bringup/lib/python3.12/site-packages/yardbot_bringup/__pycache__/depth_to_grid_node.cpython-312.pyc
/home/turner/yardbot_ws/install/yardbot_bringup/lib/python3.12/site-packages/yardbot_bringup/__pycache__/__init__.cpython-312.pyc
/home/turner/yardbot_ws/install/yardbot_bringup/lib/python3.12/site-packages/yardbot_bringup/__pycache__/qos_relay_node.cpython-312.pyc
/home/turner/yardbot_ws/install/yardbot_bringup/lib/python3.12/site-packages/yardbot_bringup/__pycache__/sabertooth_node.cpython-312.pyc
/home/turner/yardbot_ws/install/yardbot_bringup/share/ament_index/resource_index/packages/yardbot_bringup
/home/turner/yardbot_ws/install/yardbot_bringup/share/yardbot_bringup/package.xml
/home/turner/yardbot_ws/install/yardbot_bringup/share/yardbot_bringup/launch/tags_bringup.launch.py
/home/turner/yardbot_ws/install/yardbot_bringup/share/yardbot_bringup/launch/nav2_bringup.launch.py
/home/turner/yardbot_ws/install/yardbot_bringup/share/yardbot_bringup/config/apriltag_qos.yaml
/home/turner/yardbot_ws/install/yardbot_bringup/share/yardbot_bringup/config/nav2_params.yaml
/home/turner/yardbot_ws/install/yardbot_bringup/lib/python3.12/site-packages/yardbot_bringup-0.1.0-py3.12.egg-info/dependency_links.txt
/home/turner/yardbot_ws/install/yardbot_bringup/lib/python3.12/site-packages/yardbot_bringup-0.1.0-py3.12.egg-info/SOURCES.txt
/home/turner/yardbot_ws/install/yardbot_bringup/lib/python3.12/site-packages/yardbot_bringup-0.1.0-py3.12.egg-info/top_level.txt
/home/turner/yardbot_ws/install/yardbot_bringup/lib/python3.12/site-packages/yardbot_bringup-0.1.0-py3.12.egg-info/zip-safe
/home/turner/yardbot_ws/install/yardbot_bringup/lib/python3.12/site-packages/yardbot_bringup-0.1.0-py3.12.egg-info/entry_points.txt
/home/turner/yardbot_ws/install/yardbot_bringup/lib/python3.12/site-packages/yardbot_bringup-0.1.0-py3.12.egg-info/requires.txt
/home/turner/yardbot_ws/install/yardbot_bringup/lib/python3.12/site-packages/yardbot_bringup-0.1.0-py3.12.egg-info/PKG-INFO
/home/turner/yardbot_ws/install/yardbot_bringup/lib/yardbot_bringup/apriltag_overlay
/home/turner/yardbot_ws/install/yardbot_bringup/lib/yardbot_bringup/depth_to_grid
/home/turner/yardbot_ws/install/yardbot_bringup/lib/yardbot_bringup/qos_relay
/home/turner/yardbot_ws/install/yardbot_bringup/lib/yardbot_bringup/sabertooth_node
