running egg_info
writing ../../build/yardbot_bringup/yardbot_bringup.egg-info/PKG-INFO
writing dependency_links to ../../build/yardbot_bringup/yardbot_bringup.egg-info/dependency_links.txt
writing requirements to ../../build/yardbot_bringup/yardbot_bringup.egg-info/requires.txt
writing top-level names to ../../build/yardbot_bringup/yardbot_bringup.egg-info/top_level.txt
reading manifest file '../../build/yardbot_bringup/yardbot_bringup.egg-info/SOURCES.txt'
writing manifest file '../../build/yardbot_bringup/yardbot_bringup.egg-info/SOURCES.txt'
running build
running build_py
creating /home/turner/yardbot_ws/build/yardbot_bringup/build
creating /home/turner/yardbot_ws/build/yardbot_bringup/build/lib
creating /home/turner/yardbot_ws/build/yardbot_bringup/build/lib/yardbot_bringup
copying yardbot_bringup/__init__.py -> /home/turner/yardbot_ws/build/yardbot_bringup/build/lib/yardbot_bringup
running install
running install_lib
creating /home/turner/yardbot_ws/install/yardbot_bringup/lib/python3.12/site-packages/yardbot_bringup
copying /home/turner/yardbot_ws/build/yardbot_bringup/build/lib/yardbot_bringup/__init__.py -> /home/turner/yardbot_ws/install/yardbot_bringup/lib/python3.12/site-packages/yardbot_bringup
byte-compiling /home/turner/yardbot_ws/install/yardbot_bringup/lib/python3.12/site-packages/yardbot_bringup/__init__.py to __init__.cpython-312.pyc
running install_data
copying resource/yardbot_bringup -> /home/turner/yardbot_ws/install/yardbot_bringup/share/ament_index/resource_index/packages
copying package.xml -> /home/turner/yardbot_ws/install/yardbot_bringup/share/yardbot_bringup
creating /home/turner/yardbot_ws/install/yardbot_bringup/share/yardbot_bringup/launch
copying launch/tags_bringup.launch.py -> /home/turner/yardbot_ws/install/yardbot_bringup/share/yardbot_bringup/launch
running install_egg_info
Copying ../../build/yardbot_bringup/yardbot_bringup.egg-info to /home/turner/yardbot_ws/install/yardbot_bringup/lib/python3.12/site-packages/yardbot_bringup-0.0.0-py3.12.egg-info
running install_scripts
writing list of installed files to '/home/turner/yardbot_ws/build/yardbot_bringup/install.log'
