[0.630s] Invoking command in '/home/turner/yardbot_ws/src/yardbot_bringup': DEBUGINFOD_URLS=https://debuginfod.ubuntu.com PYTHONPATH=/home/turner/yardbot_ws/build/yardbot_bringup/prefix_override:/usr/lib/python3/dist-packages/colcon_core/task/python/colcon_distutils_commands:/home/turner/yardbot_ws/install/yardbot_bringup/lib/python3.12/site-packages:${PYTHONPATH} /usr/bin/python3 -W ignore:setup.py install is deprecated -W ignore:easy_install command is deprecated setup.py egg_info --egg-base ../../build/yardbot_bringup build --build-base /home/turner/yardbot_ws/build/yardbot_bringup/build install --record /home/turner/yardbot_ws/build/yardbot_bringup/install.log --single-version-externally-managed install_data
[0.819s] running egg_info
[0.833s] writing ../../build/yardbot_bringup/yardbot_bringup.egg-info/PKG-INFO
[0.833s] writing dependency_links to ../../build/yardbot_bringup/yardbot_bringup.egg-info/dependency_links.txt
[0.833s] writing requirements to ../../build/yardbot_bringup/yardbot_bringup.egg-info/requires.txt
[0.833s] writing top-level names to ../../build/yardbot_bringup/yardbot_bringup.egg-info/top_level.txt
[0.861s] reading manifest file '../../build/yardbot_bringup/yardbot_bringup.egg-info/SOURCES.txt'
[0.861s] writing manifest file '../../build/yardbot_bringup/yardbot_bringup.egg-info/SOURCES.txt'
[0.861s] running build
[0.862s] running build_py
[0.862s] creating /home/turner/yardbot_ws/build/yardbot_bringup/build
[0.862s] creating /home/turner/yardbot_ws/build/yardbot_bringup/build/lib
[0.862s] creating /home/turner/yardbot_ws/build/yardbot_bringup/build/lib/yardbot_bringup
[0.862s] copying yardbot_bringup/__init__.py -> /home/turner/yardbot_ws/build/yardbot_bringup/build/lib/yardbot_bringup
[0.862s] running install
[0.866s] running install_lib
[0.880s] creating /home/turner/yardbot_ws/install/yardbot_bringup/lib/python3.12/site-packages/yardbot_bringup
[0.881s] copying /home/turner/yardbot_ws/build/yardbot_bringup/build/lib/yardbot_bringup/__init__.py -> /home/turner/yardbot_ws/install/yardbot_bringup/lib/python3.12/site-packages/yardbot_bringup
[0.881s] byte-compiling /home/turner/yardbot_ws/install/yardbot_bringup/lib/python3.12/site-packages/yardbot_bringup/__init__.py to __init__.cpython-312.pyc
[0.881s] running install_data
[0.881s] copying resource/yardbot_bringup -> /home/turner/yardbot_ws/install/yardbot_bringup/share/ament_index/resource_index/packages
[0.881s] copying package.xml -> /home/turner/yardbot_ws/install/yardbot_bringup/share/yardbot_bringup
[0.881s] creating /home/turner/yardbot_ws/install/yardbot_bringup/share/yardbot_bringup/launch
[0.881s] copying launch/tags_bringup.launch.py -> /home/turner/yardbot_ws/install/yardbot_bringup/share/yardbot_bringup/launch
[0.881s] running install_egg_info
[0.895s] Copying ../../build/yardbot_bringup/yardbot_bringup.egg-info to /home/turner/yardbot_ws/install/yardbot_bringup/lib/python3.12/site-packages/yardbot_bringup-0.0.0-py3.12.egg-info
[0.896s] running install_scripts
[0.991s] writing list of installed files to '/home/turner/yardbot_ws/build/yardbot_bringup/install.log'
[1.021s] Invoked command in '/home/turner/yardbot_ws/src/yardbot_bringup' returned '0': DEBUGINFOD_URLS=https://debuginfod.ubuntu.com PYTHONPATH=/home/turner/yardbot_ws/build/yardbot_bringup/prefix_override:/usr/lib/python3/dist-packages/colcon_core/task/python/colcon_distutils_commands:/home/turner/yardbot_ws/install/yardbot_bringup/lib/python3.12/site-packages:${PYTHONPATH} /usr/bin/python3 -W ignore:setup.py install is deprecated -W ignore:easy_install command is deprecated setup.py egg_info --egg-base ../../build/yardbot_bringup build --build-base /home/turner/yardbot_ws/build/yardbot_bringup/build install --record /home/turner/yardbot_ws/build/yardbot_bringup/install.log --single-version-externally-managed install_data
