[0.012s] Invoking command in '/home/turner/yardbot_ws/build/yardbot_description': CMAKE_PREFIX_PATH=${CMAKE_PREFIX_PATH}:/opt/ros/jazzy DEBUGINFOD_URLS=https://debuginfod.ubuntu.com VIRTUAL_ENV_PROMPT=(.venv) /usr/bin/cmake --build /home/turner/yardbot_ws/build/yardbot_description -- -j16 -l16
[0.060s] Invoked command in '/home/turner/yardbot_ws/build/yardbot_description' returned '0': CMAKE_PREFIX_PATH=${CMAKE_PREFIX_PATH}:/opt/ros/jazzy DEBUGINFOD_URLS=https://debuginfod.ubuntu.com VIRTUAL_ENV_PROMPT=(.venv) /usr/bin/cmake --build /home/turner/yardbot_ws/build/yardbot_description -- -j16 -l16
[0.074s] Invoking command in '/home/turner/yardbot_ws/build/yardbot_description': CMAKE_PREFIX_PATH=${CMAKE_PREFIX_PATH}:/opt/ros/jazzy DEBUGINFOD_URLS=https://debuginfod.ubuntu.com VIRTUAL_ENV_PROMPT=(.venv) /usr/bin/cmake --install /home/turner/yardbot_ws/build/yardbot_description
[0.084s] -- Install configuration: ""
[0.084s] -- Up-to-date: /home/turner/yardbot_ws/install/yardbot_description/share/ament_index/resource_index/package_run_dependencies/yardbot_description
[0.084s] -- Up-to-date: /home/turner/yardbot_ws/install/yardbot_description/share/ament_index/resource_index/parent_prefix_path/yardbot_description
[0.084s] -- Up-to-date: /home/turner/yardbot_ws/install/yardbot_description/share/yardbot_description/environment/ament_prefix_path.sh
[0.085s] -- Up-to-date: /home/turner/yardbot_ws/install/yardbot_description/share/yardbot_description/environment/ament_prefix_path.dsv
[0.085s] -- Up-to-date: /home/turner/yardbot_ws/install/yardbot_description/share/yardbot_description/environment/path.sh
[0.085s] -- Up-to-date: /home/turner/yardbot_ws/install/yardbot_description/share/yardbot_description/environment/path.dsv
[0.085s] -- Up-to-date: /home/turner/yardbot_ws/install/yardbot_description/share/yardbot_description/local_setup.bash
[0.085s] -- Up-to-date: /home/turner/yardbot_ws/install/yardbot_description/share/yardbot_description/local_setup.sh
[0.085s] -- Up-to-date: /home/turner/yardbot_ws/install/yardbot_description/share/yardbot_description/local_setup.zsh
[0.085s] -- Up-to-date: /home/turner/yardbot_ws/install/yardbot_description/share/yardbot_description/local_setup.dsv
[0.085s] -- Installing: /home/turner/yardbot_ws/install/yardbot_description/share/yardbot_description/package.dsv
[0.085s] -- Up-to-date: /home/turner/yardbot_ws/install/yardbot_description/share/ament_index/resource_index/packages/yardbot_description
[0.085s] -- Up-to-date: /home/turner/yardbot_ws/install/yardbot_description/share/yardbot_description/cmake/yardbot_descriptionConfig.cmake
[0.085s] -- Up-to-date: /home/turner/yardbot_ws/install/yardbot_description/share/yardbot_description/cmake/yardbot_descriptionConfig-version.cmake
[0.086s] -- Up-to-date: /home/turner/yardbot_ws/install/yardbot_description/share/yardbot_description/package.xml
[0.087s] Invoked command in '/home/turner/yardbot_ws/build/yardbot_description' returned '0': CMAKE_PREFIX_PATH=${CMAKE_PREFIX_PATH}:/opt/ros/jazzy DEBUGINFOD_URLS=https://debuginfod.ubuntu.com VIRTUAL_ENV_PROMPT=(.venv) /usr/bin/cmake --install /home/turner/yardbot_ws/build/yardbot_description
