[0.113s] DEBUG:colcon:Command line arguments: ['/usr/bin/colcon', 'build']
[0.113s] DEBUG:colcon:Parsed command line arguments: Namespace(log_base=None, log_level=None, verb_name='build', build_base='build', install_base='install', merge_install=False, symlink_install=False, test_result_base=None, continue_on_error=False, executor='parallel', parallel_workers=16, event_handlers=None, ignore_user_meta=False, metas=['./colcon.meta'], base_paths=['.'], packages_ignore=None, packages_ignore_regex=None, paths=None, packages_up_to=None, packages_up_to_regex=None, packages_above=None, packages_above_and_dependencies=None, packages_above_depth=None, packages_select_by_dep=None, packages_skip_by_dep=None, packages_skip_up_to=None, packages_select_build_failed=False, packages_skip_build_finished=False, packages_select_test_failures=False, packages_skip_test_passed=False, packages_select=None, packages_skip=None, packages_select_regex=None, packages_skip_regex=None, packages_start=None, packages_end=None, allow_overriding=[], cmake_args=None, cmake_target=None, cmake_target_skip_unavailable=False, cmake_clean_cache=False, cmake_clean_first=False, cmake_force_configure=False, ament_cmake_args=None, catkin_cmake_args=None, catkin_skip_building_tests=False, verb_parser=<colcon_defaults.argument_parser.defaults.DefaultArgumentsDecorator object at 0x793fec32d0a0>, verb_extension=<colcon_core.verb.build.BuildVerb object at 0x793fec4fef60>, main=<bound method BuildVerb.main of <colcon_core.verb.build.BuildVerb object at 0x793fec4fef60>>)
[0.155s] Level 1:colcon.colcon_core.package_discovery:discover_packages(colcon_meta) check parameters
[0.155s] Level 1:colcon.colcon_core.package_discovery:discover_packages(recursive) check parameters
[0.155s] Level 1:colcon.colcon_core.package_discovery:discover_packages(ignore) check parameters
[0.155s] Level 1:colcon.colcon_core.package_discovery:discover_packages(path) check parameters
[0.155s] Level 1:colcon.colcon_core.package_discovery:discover_packages(colcon_meta) discover
[0.155s] Level 1:colcon.colcon_core.package_discovery:discover_packages(recursive) discover
[0.155s] INFO:colcon.colcon_core.package_discovery:Crawling recursively for packages in '/home/turner/yardbot_ws'
[0.156s] Level 1:colcon.colcon_core.package_identification:_identify(.) by extensions ['ignore', 'ignore_ament_install']
[0.156s] Level 1:colcon.colcon_core.package_identification:_identify(.) by extension 'ignore'
[0.156s] Level 1:colcon.colcon_core.package_identification:_identify(.) by extension 'ignore_ament_install'
[0.156s] Level 1:colcon.colcon_core.package_identification:_identify(.) by extensions ['colcon_pkg']
[0.156s] Level 1:colcon.colcon_core.package_identification:_identify(.) by extension 'colcon_pkg'
[0.156s] Level 1:colcon.colcon_core.package_identification:_identify(.) by extensions ['colcon_meta']
[0.156s] Level 1:colcon.colcon_core.package_identification:_identify(.) by extension 'colcon_meta'
[0.156s] Level 1:colcon.colcon_core.package_identification:_identify(.) by extensions ['ros']
[0.156s] Level 1:colcon.colcon_core.package_identification:_identify(.) by extension 'ros'
[0.181s] Level 1:colcon.colcon_core.package_identification:_identify(.) by extensions ['cmake', 'python']
[0.181s] Level 1:colcon.colcon_core.package_identification:_identify(.) by extension 'cmake'
[0.182s] Level 1:colcon.colcon_core.package_identification:_identify(.) by extension 'python'
[0.182s] Level 1:colcon.colcon_core.package_identification:_identify(.) by extensions ['python_setup_py']
[0.182s] Level 1:colcon.colcon_core.package_identification:_identify(.) by extension 'python_setup_py'
[0.182s] Level 1:colcon.colcon_core.package_identification:_identify(build) by extensions ['ignore', 'ignore_ament_install']
[0.182s] Level 1:colcon.colcon_core.package_identification:_identify(build) by extension 'ignore'
[0.182s] Level 1:colcon.colcon_core.package_identification:_identify(build) ignored
[0.182s] Level 1:colcon.colcon_core.package_identification:_identify(install) by extensions ['ignore', 'ignore_ament_install']
[0.182s] Level 1:colcon.colcon_core.package_identification:_identify(install) by extension 'ignore'
[0.182s] Level 1:colcon.colcon_core.package_identification:_identify(install) ignored
[0.182s] Level 1:colcon.colcon_core.package_identification:_identify(log) by extensions ['ignore', 'ignore_ament_install']
[0.183s] Level 1:colcon.colcon_core.package_identification:_identify(log) by extension 'ignore'
[0.183s] Level 1:colcon.colcon_core.package_identification:_identify(log) ignored
[0.183s] Level 1:colcon.colcon_core.package_identification:_identify(src) by extensions ['ignore', 'ignore_ament_install']
[0.183s] Level 1:colcon.colcon_core.package_identification:_identify(src) by extension 'ignore'
[0.183s] Level 1:colcon.colcon_core.package_identification:_identify(src) by extension 'ignore_ament_install'
[0.183s] Level 1:colcon.colcon_core.package_identification:_identify(src) by extensions ['colcon_pkg']
[0.183s] Level 1:colcon.colcon_core.package_identification:_identify(src) by extension 'colcon_pkg'
[0.183s] Level 1:colcon.colcon_core.package_identification:_identify(src) by extensions ['colcon_meta']
[0.183s] Level 1:colcon.colcon_core.package_identification:_identify(src) by extension 'colcon_meta'
[0.183s] Level 1:colcon.colcon_core.package_identification:_identify(src) by extensions ['ros']
[0.183s] Level 1:colcon.colcon_core.package_identification:_identify(src) by extension 'ros'
[0.183s] Level 1:colcon.colcon_core.package_identification:_identify(src) by extensions ['cmake', 'python']
[0.183s] Level 1:colcon.colcon_core.package_identification:_identify(src) by extension 'cmake'
[0.183s] Level 1:colcon.colcon_core.package_identification:_identify(src) by extension 'python'
[0.183s] Level 1:colcon.colcon_core.package_identification:_identify(src) by extensions ['python_setup_py']
[0.183s] Level 1:colcon.colcon_core.package_identification:_identify(src) by extension 'python_setup_py'
[0.184s] Level 1:colcon.colcon_core.package_identification:_identify(src/build) by extensions ['ignore', 'ignore_ament_install']
[0.184s] Level 1:colcon.colcon_core.package_identification:_identify(src/build) by extension 'ignore'
[0.184s] Level 1:colcon.colcon_core.package_identification:_identify(src/build) ignored
[0.184s] Level 1:colcon.colcon_core.package_identification:_identify(src/install) by extensions ['ignore', 'ignore_ament_install']
[0.184s] Level 1:colcon.colcon_core.package_identification:_identify(src/install) by extension 'ignore'
[0.184s] Level 1:colcon.colcon_core.package_identification:_identify(src/install) ignored
[0.184s] Level 1:colcon.colcon_core.package_identification:_identify(src/log) by extensions ['ignore', 'ignore_ament_install']
[0.184s] Level 1:colcon.colcon_core.package_identification:_identify(src/log) by extension 'ignore'
[0.184s] Level 1:colcon.colcon_core.package_identification:_identify(src/log) ignored
[0.184s] Level 1:colcon.colcon_core.package_identification:_identify(src/yardbot_bringup) by extensions ['ignore', 'ignore_ament_install']
[0.184s] Level 1:colcon.colcon_core.package_identification:_identify(src/yardbot_bringup) by extension 'ignore'
[0.184s] Level 1:colcon.colcon_core.package_identification:_identify(src/yardbot_bringup) by extension 'ignore_ament_install'
[0.185s] Level 1:colcon.colcon_core.package_identification:_identify(src/yardbot_bringup) by extensions ['colcon_pkg']
[0.185s] Level 1:colcon.colcon_core.package_identification:_identify(src/yardbot_bringup) by extension 'colcon_pkg'
[0.185s] Level 1:colcon.colcon_core.package_identification:_identify(src/yardbot_bringup) by extensions ['colcon_meta']
[0.185s] Level 1:colcon.colcon_core.package_identification:_identify(src/yardbot_bringup) by extension 'colcon_meta'
[0.185s] Level 1:colcon.colcon_core.package_identification:_identify(src/yardbot_bringup) by extensions ['ros']
[0.185s] Level 1:colcon.colcon_core.package_identification:_identify(src/yardbot_bringup) by extension 'ros'
[0.188s] DEBUG:colcon.colcon_core.package_identification:Package 'src/yardbot_bringup' with type 'ros.ament_cmake' and name 'yardbot_bringup'
[0.188s] Level 1:colcon.colcon_core.package_identification:_identify(src/yardbot_description) by extensions ['ignore', 'ignore_ament_install']
[0.188s] Level 1:colcon.colcon_core.package_identification:_identify(src/yardbot_description) by extension 'ignore'
[0.188s] Level 1:colcon.colcon_core.package_identification:_identify(src/yardbot_description) by extension 'ignore_ament_install'
[0.188s] Level 1:colcon.colcon_core.package_identification:_identify(src/yardbot_description) by extensions ['colcon_pkg']
[0.188s] Level 1:colcon.colcon_core.package_identification:_identify(src/yardbot_description) by extension 'colcon_pkg'
[0.188s] Level 1:colcon.colcon_core.package_identification:_identify(src/yardbot_description) by extensions ['colcon_meta']
[0.188s] Level 1:colcon.colcon_core.package_identification:_identify(src/yardbot_description) by extension 'colcon_meta'
[0.188s] Level 1:colcon.colcon_core.package_identification:_identify(src/yardbot_description) by extensions ['ros']
[0.188s] Level 1:colcon.colcon_core.package_identification:_identify(src/yardbot_description) by extension 'ros'
[0.189s] DEBUG:colcon.colcon_core.package_identification:Package 'src/yardbot_description' with type 'ros.ament_cmake' and name 'yardbot_description'
[0.189s] Level 1:colcon.colcon_core.package_discovery:discover_packages(recursive) using defaults
[0.189s] Level 1:colcon.colcon_core.package_discovery:discover_packages(ignore) discover
[0.189s] Level 1:colcon.colcon_core.package_discovery:discover_packages(ignore) using defaults
[0.189s] Level 1:colcon.colcon_core.package_discovery:discover_packages(path) discover
[0.189s] Level 1:colcon.colcon_core.package_discovery:discover_packages(path) using defaults
[0.208s] Level 1:colcon.colcon_core.package_discovery:discover_packages(prefix_path) check parameters
[0.208s] Level 1:colcon.colcon_core.package_discovery:discover_packages(prefix_path) discover
[0.210s] DEBUG:colcon.colcon_installed_package_information.package_discovery:Found 2 installed packages in /home/turner/yardbot_ws/install
[0.212s] DEBUG:colcon.colcon_installed_package_information.package_discovery:Found 305 installed packages in /opt/ros/jazzy
[0.212s] Level 1:colcon.colcon_core.package_discovery:discover_packages(prefix_path) using defaults
[0.259s] Level 5:colcon.colcon_core.verb:set package 'yardbot_description' build argument 'cmake_args' from command line to 'None'
[0.259s] Level 5:colcon.colcon_core.verb:set package 'yardbot_description' build argument 'cmake_target' from command line to 'None'
[0.259s] Level 5:colcon.colcon_core.verb:set package 'yardbot_description' build argument 'cmake_target_skip_unavailable' from command line to 'False'
[0.259s] Level 5:colcon.colcon_core.verb:set package 'yardbot_description' build argument 'cmake_clean_cache' from command line to 'False'
[0.259s] Level 5:colcon.colcon_core.verb:set package 'yardbot_description' build argument 'cmake_clean_first' from command line to 'False'
[0.259s] Level 5:colcon.colcon_core.verb:set package 'yardbot_description' build argument 'cmake_force_configure' from command line to 'False'
[0.259s] Level 5:colcon.colcon_core.verb:set package 'yardbot_description' build argument 'ament_cmake_args' from command line to 'None'
[0.259s] Level 5:colcon.colcon_core.verb:set package 'yardbot_description' build argument 'catkin_cmake_args' from command line to 'None'
[0.259s] Level 5:colcon.colcon_core.verb:set package 'yardbot_description' build argument 'catkin_skip_building_tests' from command line to 'False'
[0.259s] DEBUG:colcon.colcon_core.verb:Building package 'yardbot_description' with the following arguments: {'ament_cmake_args': None, 'build_base': '/home/turner/yardbot_ws/build/yardbot_description', 'catkin_cmake_args': None, 'catkin_skip_building_tests': False, 'cmake_args': None, 'cmake_clean_cache': False, 'cmake_clean_first': False, 'cmake_force_configure': False, 'cmake_target': None, 'cmake_target_skip_unavailable': False, 'install_base': '/home/turner/yardbot_ws/install/yardbot_description', 'merge_install': False, 'path': '/home/turner/yardbot_ws/src/yardbot_description', 'symlink_install': False, 'test_result_base': None}
[0.259s] Level 5:colcon.colcon_core.verb:set package 'yardbot_bringup' build argument 'cmake_args' from command line to 'None'
[0.259s] Level 5:colcon.colcon_core.verb:set package 'yardbot_bringup' build argument 'cmake_target' from command line to 'None'
[0.259s] Level 5:colcon.colcon_core.verb:set package 'yardbot_bringup' build argument 'cmake_target_skip_unavailable' from command line to 'False'
[0.259s] Level 5:colcon.colcon_core.verb:set package 'yardbot_bringup' build argument 'cmake_clean_cache' from command line to 'False'
[0.259s] Level 5:colcon.colcon_core.verb:set package 'yardbot_bringup' build argument 'cmake_clean_first' from command line to 'False'
[0.259s] Level 5:colcon.colcon_core.verb:set package 'yardbot_bringup' build argument 'cmake_force_configure' from command line to 'False'
[0.259s] Level 5:colcon.colcon_core.verb:set package 'yardbot_bringup' build argument 'ament_cmake_args' from command line to 'None'
[0.259s] Level 5:colcon.colcon_core.verb:set package 'yardbot_bringup' build argument 'catkin_cmake_args' from command line to 'None'
[0.260s] Level 5:colcon.colcon_core.verb:set package 'yardbot_bringup' build argument 'catkin_skip_building_tests' from command line to 'False'
[0.260s] DEBUG:colcon.colcon_core.verb:Building package 'yardbot_bringup' with the following arguments: {'ament_cmake_args': None, 'build_base': '/home/turner/yardbot_ws/build/yardbot_bringup', 'catkin_cmake_args': None, 'catkin_skip_building_tests': False, 'cmake_args': None, 'cmake_clean_cache': False, 'cmake_clean_first': False, 'cmake_force_configure': False, 'cmake_target': None, 'cmake_target_skip_unavailable': False, 'install_base': '/home/turner/yardbot_ws/install/yardbot_bringup', 'merge_install': False, 'path': '/home/turner/yardbot_ws/src/yardbot_bringup', 'symlink_install': False, 'test_result_base': None}
[0.260s] INFO:colcon.colcon_core.executor:Executing jobs using 'parallel' executor
[0.261s] DEBUG:colcon.colcon_parallel_executor.executor.parallel:run_until_complete
[0.261s] INFO:colcon.colcon_ros.task.ament_cmake.build:Building ROS package in '/home/turner/yardbot_ws/src/yardbot_description' with build type 'ament_cmake'
[0.262s] INFO:colcon.colcon_cmake.task.cmake.build:Building CMake package in '/home/turner/yardbot_ws/src/yardbot_description'
[0.264s] INFO:colcon.colcon_core.plugin_system:Skipping extension 'colcon_core.shell.bat': Not used on non-Windows systems
[0.264s] INFO:colcon.colcon_core.shell:Skip shell extension 'powershell' for command environment: Not usable outside of PowerShell
[0.264s] DEBUG:colcon.colcon_core.shell:Skip shell extension 'dsv' for command environment
[0.273s] DEBUG:colcon.colcon_core.event_handler.log_command:Invoking command in '/home/turner/yardbot_ws/build/yardbot_description': CMAKE_PREFIX_PATH=${CMAKE_PREFIX_PATH}:/opt/ros/jazzy DEBUGINFOD_URLS=https://debuginfod.ubuntu.com VIRTUAL_ENV_PROMPT=(.venv) /usr/bin/cmake --build /home/turner/yardbot_ws/build/yardbot_description -- -j16 -l16
[0.322s] DEBUG:colcon.colcon_core.event_handler.log_command:Invoked command in '/home/turner/yardbot_ws/build/yardbot_description' returned '0': CMAKE_PREFIX_PATH=${CMAKE_PREFIX_PATH}:/opt/ros/jazzy DEBUGINFOD_URLS=https://debuginfod.ubuntu.com VIRTUAL_ENV_PROMPT=(.venv) /usr/bin/cmake --build /home/turner/yardbot_ws/build/yardbot_description -- -j16 -l16
[0.335s] DEBUG:colcon.colcon_core.event_handler.log_command:Invoking command in '/home/turner/yardbot_ws/build/yardbot_description': CMAKE_PREFIX_PATH=${CMAKE_PREFIX_PATH}:/opt/ros/jazzy DEBUGINFOD_URLS=https://debuginfod.ubuntu.com VIRTUAL_ENV_PROMPT=(.venv) /usr/bin/cmake --install /home/turner/yardbot_ws/build/yardbot_description
[0.348s] Level 1:colcon.colcon_core.environment:create_environment_scripts_only(yardbot_description)
[0.348s] DEBUG:colcon.colcon_core.event_handler.log_command:Invoked command in '/home/turner/yardbot_ws/build/yardbot_description' returned '0': CMAKE_PREFIX_PATH=${CMAKE_PREFIX_PATH}:/opt/ros/jazzy DEBUGINFOD_URLS=https://debuginfod.ubuntu.com VIRTUAL_ENV_PROMPT=(.venv) /usr/bin/cmake --install /home/turner/yardbot_ws/build/yardbot_description
[0.350s] Level 1:colcon.colcon_core.environment:checking '/home/turner/yardbot_ws/install/yardbot_description' for CMake module files
[0.351s] Level 1:colcon.colcon_core.environment:checking '/home/turner/yardbot_ws/install/yardbot_description' for CMake config files
[0.351s] Level 1:colcon.colcon_core.shell:create_environment_hook('yardbot_description', 'cmake_prefix_path')
[0.351s] INFO:colcon.colcon_core.shell:Creating environment hook '/home/turner/yardbot_ws/install/yardbot_description/share/yardbot_description/hook/cmake_prefix_path.ps1'
[0.352s] INFO:colcon.colcon_core.shell:Creating environment descriptor '/home/turner/yardbot_ws/install/yardbot_description/share/yardbot_description/hook/cmake_prefix_path.dsv'
[0.352s] INFO:colcon.colcon_core.shell:Creating environment hook '/home/turner/yardbot_ws/install/yardbot_description/share/yardbot_description/hook/cmake_prefix_path.sh'
[0.353s] Level 1:colcon.colcon_core.environment:checking '/home/turner/yardbot_ws/install/yardbot_description/bin'
[0.353s] Level 1:colcon.colcon_core.environment:checking '/home/turner/yardbot_ws/install/yardbot_description/lib/pkgconfig/yardbot_description.pc'
[0.353s] Level 1:colcon.colcon_core.environment:checking '/home/turner/yardbot_ws/install/yardbot_description/lib/python3.12/site-packages'
[0.354s] Level 1:colcon.colcon_core.environment:checking '/home/turner/yardbot_ws/install/yardbot_description/bin'
[0.354s] INFO:colcon.colcon_core.shell:Creating package script '/home/turner/yardbot_ws/install/yardbot_description/share/yardbot_description/package.ps1'
[0.355s] INFO:colcon.colcon_core.shell:Creating package descriptor '/home/turner/yardbot_ws/install/yardbot_description/share/yardbot_description/package.dsv'
[0.355s] INFO:colcon.colcon_core.shell:Creating package script '/home/turner/yardbot_ws/install/yardbot_description/share/yardbot_description/package.sh'
[0.356s] INFO:colcon.colcon_core.shell:Creating package script '/home/turner/yardbot_ws/install/yardbot_description/share/yardbot_description/package.bash'
[0.356s] INFO:colcon.colcon_core.shell:Creating package script '/home/turner/yardbot_ws/install/yardbot_description/share/yardbot_description/package.zsh'
[0.357s] Level 1:colcon.colcon_core.environment:create_file_with_runtime_dependencies(/home/turner/yardbot_ws/install/yardbot_description/share/colcon-core/packages/yardbot_description)
[0.357s] Level 1:colcon.colcon_core.environment:create_environment_scripts_only(yardbot_description)
[0.358s] Level 1:colcon.colcon_core.environment:checking '/home/turner/yardbot_ws/install/yardbot_description' for CMake module files
[0.358s] Level 1:colcon.colcon_core.environment:checking '/home/turner/yardbot_ws/install/yardbot_description' for CMake config files
[0.358s] Level 1:colcon.colcon_core.shell:create_environment_hook('yardbot_description', 'cmake_prefix_path')
[0.358s] INFO:colcon.colcon_core.shell:Creating environment hook '/home/turner/yardbot_ws/install/yardbot_description/share/yardbot_description/hook/cmake_prefix_path.ps1'
[0.359s] INFO:colcon.colcon_core.shell:Creating environment descriptor '/home/turner/yardbot_ws/install/yardbot_description/share/yardbot_description/hook/cmake_prefix_path.dsv'
[0.359s] INFO:colcon.colcon_core.shell:Creating environment hook '/home/turner/yardbot_ws/install/yardbot_description/share/yardbot_description/hook/cmake_prefix_path.sh'
[0.360s] Level 1:colcon.colcon_core.environment:checking '/home/turner/yardbot_ws/install/yardbot_description/bin'
[0.360s] Level 1:colcon.colcon_core.environment:checking '/home/turner/yardbot_ws/install/yardbot_description/lib/pkgconfig/yardbot_description.pc'
[0.360s] Level 1:colcon.colcon_core.environment:checking '/home/turner/yardbot_ws/install/yardbot_description/lib/python3.12/site-packages'
[0.360s] Level 1:colcon.colcon_core.environment:checking '/home/turner/yardbot_ws/install/yardbot_description/bin'
[0.360s] INFO:colcon.colcon_core.shell:Creating package script '/home/turner/yardbot_ws/install/yardbot_description/share/yardbot_description/package.ps1'
[0.361s] INFO:colcon.colcon_core.shell:Creating package descriptor '/home/turner/yardbot_ws/install/yardbot_description/share/yardbot_description/package.dsv'
[0.362s] INFO:colcon.colcon_core.shell:Creating package script '/home/turner/yardbot_ws/install/yardbot_description/share/yardbot_description/package.sh'
[0.362s] INFO:colcon.colcon_core.shell:Creating package script '/home/turner/yardbot_ws/install/yardbot_description/share/yardbot_description/package.bash'
[0.362s] INFO:colcon.colcon_core.shell:Creating package script '/home/turner/yardbot_ws/install/yardbot_description/share/yardbot_description/package.zsh'
[0.363s] Level 1:colcon.colcon_core.environment:create_file_with_runtime_dependencies(/home/turner/yardbot_ws/install/yardbot_description/share/colcon-core/packages/yardbot_description)
[0.363s] INFO:colcon.colcon_ros.task.ament_cmake.build:Building ROS package in '/home/turner/yardbot_ws/src/yardbot_bringup' with build type 'ament_cmake'
[0.363s] INFO:colcon.colcon_cmake.task.cmake.build:Building CMake package in '/home/turner/yardbot_ws/src/yardbot_bringup'
[0.363s] INFO:colcon.colcon_core.shell:Skip shell extension 'powershell' for command environment: Not usable outside of PowerShell
[0.363s] DEBUG:colcon.colcon_core.shell:Skip shell extension 'dsv' for command environment
[0.374s] DEBUG:colcon.colcon_core.event_handler.log_command:Invoking command in '/home/turner/yardbot_ws/build/yardbot_bringup': CMAKE_PREFIX_PATH=/home/turner/yardbot_ws/install/yardbot_description:/home/turner/yardbot_ws/install/yardbot_bringup:/opt/ros/jazzy/opt/gz_math_vendor:/opt/ros/jazzy/opt/gz_utils_vendor:/opt/ros/jazzy/opt/gz_cmake_vendor:/opt/ros/jazzy DEBUGINFOD_URLS=https://debuginfod.ubuntu.com VIRTUAL_ENV_PROMPT=(.venv) /usr/bin/cmake --build /home/turner/yardbot_ws/build/yardbot_bringup -- -j16 -l16
[0.421s] DEBUG:colcon.colcon_core.event_handler.log_command:Invoked command in '/home/turner/yardbot_ws/build/yardbot_bringup' returned '0': CMAKE_PREFIX_PATH=/home/turner/yardbot_ws/install/yardbot_description:/home/turner/yardbot_ws/install/yardbot_bringup:/opt/ros/jazzy/opt/gz_math_vendor:/opt/ros/jazzy/opt/gz_utils_vendor:/opt/ros/jazzy/opt/gz_cmake_vendor:/opt/ros/jazzy DEBUGINFOD_URLS=https://debuginfod.ubuntu.com VIRTUAL_ENV_PROMPT=(.venv) /usr/bin/cmake --build /home/turner/yardbot_ws/build/yardbot_bringup -- -j16 -l16
[0.422s] DEBUG:colcon.colcon_core.event_handler.log_command:Invoking command in '/home/turner/yardbot_ws/build/yardbot_bringup': CMAKE_PREFIX_PATH=/home/turner/yardbot_ws/install/yardbot_description:/home/turner/yardbot_ws/install/yardbot_bringup:/opt/ros/jazzy/opt/gz_math_vendor:/opt/ros/jazzy/opt/gz_utils_vendor:/opt/ros/jazzy/opt/gz_cmake_vendor:/opt/ros/jazzy DEBUGINFOD_URLS=https://debuginfod.ubuntu.com VIRTUAL_ENV_PROMPT=(.venv) /usr/bin/cmake --install /home/turner/yardbot_ws/build/yardbot_bringup
[0.434s] Level 1:colcon.colcon_core.environment:create_environment_scripts_only(yardbot_bringup)
[0.435s] Level 1:colcon.colcon_core.environment:checking '/home/turner/yardbot_ws/install/yardbot_bringup' for CMake module files
[0.435s] DEBUG:colcon.colcon_core.event_handler.log_command:Invoked command in '/home/turner/yardbot_ws/build/yardbot_bringup' returned '0': CMAKE_PREFIX_PATH=/home/turner/yardbot_ws/install/yardbot_description:/home/turner/yardbot_ws/install/yardbot_bringup:/opt/ros/jazzy/opt/gz_math_vendor:/opt/ros/jazzy/opt/gz_utils_vendor:/opt/ros/jazzy/opt/gz_cmake_vendor:/opt/ros/jazzy DEBUGINFOD_URLS=https://debuginfod.ubuntu.com VIRTUAL_ENV_PROMPT=(.venv) /usr/bin/cmake --install /home/turner/yardbot_ws/build/yardbot_bringup
[0.436s] Level 1:colcon.colcon_core.environment:checking '/home/turner/yardbot_ws/install/yardbot_bringup' for CMake config files
[0.436s] Level 1:colcon.colcon_core.shell:create_environment_hook('yardbot_bringup', 'cmake_prefix_path')
[0.436s] INFO:colcon.colcon_core.shell:Creating environment hook '/home/turner/yardbot_ws/install/yardbot_bringup/share/yardbot_bringup/hook/cmake_prefix_path.ps1'
[0.437s] INFO:colcon.colcon_core.shell:Creating environment descriptor '/home/turner/yardbot_ws/install/yardbot_bringup/share/yardbot_bringup/hook/cmake_prefix_path.dsv'
[0.437s] INFO:colcon.colcon_core.shell:Creating environment hook '/home/turner/yardbot_ws/install/yardbot_bringup/share/yardbot_bringup/hook/cmake_prefix_path.sh'
[0.438s] Level 1:colcon.colcon_core.environment:checking '/home/turner/yardbot_ws/install/yardbot_bringup/lib'
[0.438s] Level 1:colcon.colcon_core.environment:checking '/home/turner/yardbot_ws/install/yardbot_bringup/bin'
[0.438s] Level 1:colcon.colcon_core.environment:checking '/home/turner/yardbot_ws/install/yardbot_bringup/lib/pkgconfig/yardbot_bringup.pc'
[0.438s] Level 1:colcon.colcon_core.environment:checking '/home/turner/yardbot_ws/install/yardbot_bringup/lib/python3.12/site-packages'
[0.438s] Level 1:colcon.colcon_core.shell:create_environment_hook('yardbot_bringup', 'pythonpath')
[0.439s] INFO:colcon.colcon_core.shell:Creating environment hook '/home/turner/yardbot_ws/install/yardbot_bringup/share/yardbot_bringup/hook/pythonpath.ps1'
[0.439s] INFO:colcon.colcon_core.shell:Creating environment descriptor '/home/turner/yardbot_ws/install/yardbot_bringup/share/yardbot_bringup/hook/pythonpath.dsv'
[0.439s] INFO:colcon.colcon_core.shell:Creating environment hook '/home/turner/yardbot_ws/install/yardbot_bringup/share/yardbot_bringup/hook/pythonpath.sh'
[0.440s] Level 1:colcon.colcon_core.environment:checking '/home/turner/yardbot_ws/install/yardbot_bringup/bin'
[0.440s] INFO:colcon.colcon_core.shell:Creating package script '/home/turner/yardbot_ws/install/yardbot_bringup/share/yardbot_bringup/package.ps1'
[0.441s] INFO:colcon.colcon_core.shell:Creating package descriptor '/home/turner/yardbot_ws/install/yardbot_bringup/share/yardbot_bringup/package.dsv'
[0.441s] INFO:colcon.colcon_core.shell:Creating package script '/home/turner/yardbot_ws/install/yardbot_bringup/share/yardbot_bringup/package.sh'
[0.441s] INFO:colcon.colcon_core.shell:Creating package script '/home/turner/yardbot_ws/install/yardbot_bringup/share/yardbot_bringup/package.bash'
[0.442s] INFO:colcon.colcon_core.shell:Creating package script '/home/turner/yardbot_ws/install/yardbot_bringup/share/yardbot_bringup/package.zsh'
[0.442s] Level 1:colcon.colcon_core.environment:create_file_with_runtime_dependencies(/home/turner/yardbot_ws/install/yardbot_bringup/share/colcon-core/packages/yardbot_bringup)
[0.443s] Level 1:colcon.colcon_core.environment:create_environment_scripts_only(yardbot_bringup)
[0.443s] Level 1:colcon.colcon_core.environment:checking '/home/turner/yardbot_ws/install/yardbot_bringup' for CMake module files
[0.443s] Level 1:colcon.colcon_core.environment:checking '/home/turner/yardbot_ws/install/yardbot_bringup' for CMake config files
[0.444s] Level 1:colcon.colcon_core.shell:create_environment_hook('yardbot_bringup', 'cmake_prefix_path')
[0.444s] INFO:colcon.colcon_core.shell:Creating environment hook '/home/turner/yardbot_ws/install/yardbot_bringup/share/yardbot_bringup/hook/cmake_prefix_path.ps1'
[0.444s] INFO:colcon.colcon_core.shell:Creating environment descriptor '/home/turner/yardbot_ws/install/yardbot_bringup/share/yardbot_bringup/hook/cmake_prefix_path.dsv'
[0.444s] INFO:colcon.colcon_core.shell:Creating environment hook '/home/turner/yardbot_ws/install/yardbot_bringup/share/yardbot_bringup/hook/cmake_prefix_path.sh'
[0.445s] Level 1:colcon.colcon_core.environment:checking '/home/turner/yardbot_ws/install/yardbot_bringup/lib'
[0.445s] Level 1:colcon.colcon_core.environment:checking '/home/turner/yardbot_ws/install/yardbot_bringup/bin'
[0.445s] Level 1:colcon.colcon_core.environment:checking '/home/turner/yardbot_ws/install/yardbot_bringup/lib/pkgconfig/yardbot_bringup.pc'
[0.445s] Level 1:colcon.colcon_core.environment:checking '/home/turner/yardbot_ws/install/yardbot_bringup/lib/python3.12/site-packages'
[0.445s] Level 1:colcon.colcon_core.shell:create_environment_hook('yardbot_bringup', 'pythonpath')
[0.446s] INFO:colcon.colcon_core.shell:Creating environment hook '/home/turner/yardbot_ws/install/yardbot_bringup/share/yardbot_bringup/hook/pythonpath.ps1'
[0.446s] INFO:colcon.colcon_core.shell:Creating environment descriptor '/home/turner/yardbot_ws/install/yardbot_bringup/share/yardbot_bringup/hook/pythonpath.dsv'
[0.446s] INFO:colcon.colcon_core.shell:Creating environment hook '/home/turner/yardbot_ws/install/yardbot_bringup/share/yardbot_bringup/hook/pythonpath.sh'
[0.447s] Level 1:colcon.colcon_core.environment:checking '/home/turner/yardbot_ws/install/yardbot_bringup/bin'
[0.447s] INFO:colcon.colcon_core.shell:Creating package script '/home/turner/yardbot_ws/install/yardbot_bringup/share/yardbot_bringup/package.ps1'
[0.448s] INFO:colcon.colcon_core.shell:Creating package descriptor '/home/turner/yardbot_ws/install/yardbot_bringup/share/yardbot_bringup/package.dsv'
[0.448s] INFO:colcon.colcon_core.shell:Creating package script '/home/turner/yardbot_ws/install/yardbot_bringup/share/yardbot_bringup/package.sh'
[0.449s] INFO:colcon.colcon_core.shell:Creating package script '/home/turner/yardbot_ws/install/yardbot_bringup/share/yardbot_bringup/package.bash'
[0.449s] INFO:colcon.colcon_core.shell:Creating package script '/home/turner/yardbot_ws/install/yardbot_bringup/share/yardbot_bringup/package.zsh'
[0.450s] Level 1:colcon.colcon_core.environment:create_file_with_runtime_dependencies(/home/turner/yardbot_ws/install/yardbot_bringup/share/colcon-core/packages/yardbot_bringup)
[0.450s] DEBUG:colcon.colcon_parallel_executor.executor.parallel:closing loop
[0.450s] DEBUG:colcon.colcon_parallel_executor.executor.parallel:loop closed
[0.451s] DEBUG:colcon.colcon_parallel_executor.executor.parallel:run_until_complete finished with '0'
[0.451s] DEBUG:colcon.colcon_core.event_reactor:joining thread
[0.456s] INFO:colcon.colcon_core.plugin_system:Skipping extension 'colcon_notification.desktop_notification.terminal_notifier': Not used on non-Darwin systems
[0.456s] INFO:colcon.colcon_core.plugin_system:Skipping extension 'colcon_notification.desktop_notification.win32': Not used on non-Windows systems
[0.456s] INFO:colcon.colcon_notification.desktop_notification:Sending desktop notification using 'notify2'
[0.465s] DEBUG:colcon.colcon_core.event_reactor:joined thread
[0.465s] INFO:colcon.colcon_core.shell:Creating prefix script '/home/turner/yardbot_ws/install/local_setup.ps1'
[0.467s] INFO:colcon.colcon_core.shell:Creating prefix util module '/home/turner/yardbot_ws/install/_local_setup_util_ps1.py'
[0.468s] INFO:colcon.colcon_core.shell:Creating prefix chain script '/home/turner/yardbot_ws/install/setup.ps1'
[0.469s] INFO:colcon.colcon_core.shell:Creating prefix script '/home/turner/yardbot_ws/install/local_setup.sh'
[0.469s] INFO:colcon.colcon_core.shell:Creating prefix util module '/home/turner/yardbot_ws/install/_local_setup_util_sh.py'
[0.470s] INFO:colcon.colcon_core.shell:Creating prefix chain script '/home/turner/yardbot_ws/install/setup.sh'
[0.471s] INFO:colcon.colcon_core.shell:Creating prefix script '/home/turner/yardbot_ws/install/local_setup.bash'
[0.471s] INFO:colcon.colcon_core.shell:Creating prefix chain script '/home/turner/yardbot_ws/install/setup.bash'
[0.472s] INFO:colcon.colcon_core.shell:Creating prefix script '/home/turner/yardbot_ws/install/local_setup.zsh'
[0.473s] INFO:colcon.colcon_core.shell:Creating prefix chain script '/home/turner/yardbot_ws/install/setup.zsh'
