[0.008s] Invoking command in '/home/turner/yardbot_ws/build/yardbot_bringup': CMAKE_PREFIX_PATH=${CMAKE_PREFIX_PATH}:/opt/ros/jazzy DEBUGINFOD_URLS=https://debuginfod.ubuntu.com VIRTUAL_ENV_PROMPT=(.venv) /usr/bin/cmake --build /home/turner/yardbot_ws/build/yardbot_bringup -- -j16 -l16
[0.035s] -- Found ament_cmake: 2.5.5 (/opt/ros/jazzy/share/ament_cmake/cmake)
[0.273s] -- Found ament_lint_auto: 0.17.4 (/opt/ros/jazzy/share/ament_lint_auto/cmake)
[0.371s] -- Added test 'flake8' to check Python code syntax and style conventions
[0.371s] -- Configured 'flake8' exclude dirs and/or files: 
[0.371s] -- Added test 'lint_cmake' to check CMake code style
[0.372s] -- Added test 'pep257' to check Python code against some of the docstring style conventions in PEP 257
[0.372s] -- Added test 'xmllint' to check XML markup files
[0.373s] -- Configuring done (0.3s)
[0.377s] -- Generating done (0.0s)
[0.379s] -- Build files have been written to: /home/turner/yardbot_ws/build/yardbot_bringup
[0.405s] Invoked command in '/home/turner/yardbot_ws/build/yardbot_bringup' returned '0': CMAKE_PREFIX_PATH=${CMAKE_PREFIX_PATH}:/opt/ros/jazzy DEBUGINFOD_URLS=https://debuginfod.ubuntu.com VIRTUAL_ENV_PROMPT=(.venv) /usr/bin/cmake --build /home/turner/yardbot_ws/build/yardbot_bringup -- -j16 -l16
[0.406s] Invoking command in '/home/turner/yardbot_ws/build/yardbot_bringup': CMAKE_PREFIX_PATH=${CMAKE_PREFIX_PATH}:/opt/ros/jazzy DEBUGINFOD_URLS=https://debuginfod.ubuntu.com VIRTUAL_ENV_PROMPT=(.venv) /usr/bin/cmake --install /home/turner/yardbot_ws/build/yardbot_bringup
[0.416s] -- Install configuration: ""
[0.416s] -- Installing: /home/turner/yardbot_ws/install/yardbot_bringup/share/ament_index/resource_index/package_run_dependencies/yardbot_bringup
[0.416s] -- Installing: /home/turner/yardbot_ws/install/yardbot_bringup/share/ament_index/resource_index/parent_prefix_path/yardbot_bringup
[0.417s] -- Up-to-date: /home/turner/yardbot_ws/install/yardbot_bringup/share/yardbot_bringup/environment/ament_prefix_path.sh
[0.417s] -- Up-to-date: /home/turner/yardbot_ws/install/yardbot_bringup/share/yardbot_bringup/environment/ament_prefix_path.dsv
[0.417s] -- Up-to-date: /home/turner/yardbot_ws/install/yardbot_bringup/share/yardbot_bringup/environment/path.sh
[0.417s] -- Up-to-date: /home/turner/yardbot_ws/install/yardbot_bringup/share/yardbot_bringup/environment/path.dsv
[0.417s] -- Up-to-date: /home/turner/yardbot_ws/install/yardbot_bringup/share/yardbot_bringup/local_setup.bash
[0.418s] -- Up-to-date: /home/turner/yardbot_ws/install/yardbot_bringup/share/yardbot_bringup/local_setup.sh
[0.418s] -- Up-to-date: /home/turner/yardbot_ws/install/yardbot_bringup/share/yardbot_bringup/local_setup.zsh
[0.418s] -- Up-to-date: /home/turner/yardbot_ws/install/yardbot_bringup/share/yardbot_bringup/local_setup.dsv
[0.418s] -- Up-to-date: /home/turner/yardbot_ws/install/yardbot_bringup/share/yardbot_bringup/package.dsv
[0.418s] -- Up-to-date: /home/turner/yardbot_ws/install/yardbot_bringup/share/ament_index/resource_index/packages/yardbot_bringup
[0.418s] -- Up-to-date: /home/turner/yardbot_ws/install/yardbot_bringup/share/yardbot_bringup/cmake/yardbot_bringupConfig.cmake
[0.418s] -- Up-to-date: /home/turner/yardbot_ws/install/yardbot_bringup/share/yardbot_bringup/cmake/yardbot_bringupConfig-version.cmake
[0.418s] -- Installing: /home/turner/yardbot_ws/install/yardbot_bringup/share/yardbot_bringup/package.xml
[0.420s] Invoked command in '/home/turner/yardbot_ws/build/yardbot_bringup' returned '0': CMAKE_PREFIX_PATH=${CMAKE_PREFIX_PATH}:/opt/ros/jazzy DEBUGINFOD_URLS=https://debuginfod.ubuntu.com VIRTUAL_ENV_PROMPT=(.venv) /usr/bin/cmake --install /home/turner/yardbot_ws/build/yardbot_bringup
