[0.012s] Invoking command in '/home/turner/yardbot_ws/build/yardbot_bringup': CMAKE_PREFIX_PATH=${CMAKE_PREFIX_PATH}:/home/turner/yardbot_ws/install/yardbot_bringup:/opt/ros/jazzy DEBUGINFOD_URLS=https://debuginfod.ubuntu.com /usr/bin/cmake /home/turner/yardbot_ws/src/yardbot_bringup -DCMAKE_INSTALL_PREFIX=/home/turner/yardbot_ws/install/yardbot_bringup
[0.076s] -- The C compiler identification is GNU 13.3.0
[0.140s] -- The CXX compiler identification is GNU 13.3.0
[0.160s] -- Detecting C compiler ABI info
[0.259s] -- Detecting C compiler ABI info - done
[0.270s] -- Check for working C compiler: /usr/bin/cc - skipped
[0.270s] -- Detecting C compile features
[0.270s] -- Detecting C compile features - done
[0.281s] -- Detecting CXX compiler ABI info
[0.391s] -- Detecting CXX compiler ABI info - done
[0.401s] -- Check for working CXX compiler: /usr/bin/c++ - skipped
[0.402s] -- Detecting CXX compile features
[0.402s] -- Detecting CXX compile features - done
[0.405s] -- Found ament_cmake: 2.5.5 (/opt/ros/jazzy/share/ament_cmake/cmake)
[0.559s] -- Found Python3: /usr/bin/python3 (found version "3.12.3") found components: Interpreter 
[0.636s] -- Found ament_lint_auto: 0.17.4 (/opt/ros/jazzy/share/ament_lint_auto/cmake)
[0.711s] -- Added test 'flake8' to check Python code syntax and style conventions
[0.712s] -- Configured 'flake8' exclude dirs and/or files: 
[0.712s] -- Added test 'lint_cmake' to check CMake code style
[0.712s] -- Added test 'pep257' to check Python code against some of the docstring style conventions in PEP 257
[0.713s] -- Added test 'xmllint' to check XML markup files
[0.714s] -- Configuring done (0.7s)
[0.716s] -- Generating done (0.0s)
[0.718s] -- Build files have been written to: /home/turner/yardbot_ws/build/yardbot_bringup
[0.723s] Invoked command in '/home/turner/yardbot_ws/build/yardbot_bringup' returned '0': CMAKE_PREFIX_PATH=${CMAKE_PREFIX_PATH}:/home/turner/yardbot_ws/install/yardbot_bringup:/opt/ros/jazzy DEBUGINFOD_URLS=https://debuginfod.ubuntu.com /usr/bin/cmake /home/turner/yardbot_ws/src/yardbot_bringup -DCMAKE_INSTALL_PREFIX=/home/turner/yardbot_ws/install/yardbot_bringup
[0.724s] Invoking command in '/home/turner/yardbot_ws/build/yardbot_bringup': CMAKE_PREFIX_PATH=${CMAKE_PREFIX_PATH}:/home/turner/yardbot_ws/install/yardbot_bringup:/opt/ros/jazzy DEBUGINFOD_URLS=https://debuginfod.ubuntu.com /usr/bin/cmake --build /home/turner/yardbot_ws/build/yardbot_bringup -- -j16 -l16
[0.764s] Invoked command in '/home/turner/yardbot_ws/build/yardbot_bringup' returned '0': CMAKE_PREFIX_PATH=${CMAKE_PREFIX_PATH}:/home/turner/yardbot_ws/install/yardbot_bringup:/opt/ros/jazzy DEBUGINFOD_URLS=https://debuginfod.ubuntu.com /usr/bin/cmake --build /home/turner/yardbot_ws/build/yardbot_bringup -- -j16 -l16
[0.765s] Invoking command in '/home/turner/yardbot_ws/build/yardbot_bringup': CMAKE_PREFIX_PATH=${CMAKE_PREFIX_PATH}:/home/turner/yardbot_ws/install/yardbot_bringup:/opt/ros/jazzy DEBUGINFOD_URLS=https://debuginfod.ubuntu.com /usr/bin/cmake --install /home/turner/yardbot_ws/build/yardbot_bringup
[0.770s] -- Install configuration: ""
[0.770s] -- Installing: /home/turner/yardbot_ws/install/yardbot_bringup/share/ament_index/resource_index/package_run_dependencies/yardbot_bringup
[0.770s] -- Installing: /home/turner/yardbot_ws/install/yardbot_bringup/share/ament_index/resource_index/parent_prefix_path/yardbot_bringup
[0.770s] -- Installing: /home/turner/yardbot_ws/install/yardbot_bringup/share/yardbot_bringup/environment/ament_prefix_path.sh
[0.771s] -- Installing: /home/turner/yardbot_ws/install/yardbot_bringup/share/yardbot_bringup/environment/ament_prefix_path.dsv
[0.771s] -- Installing: /home/turner/yardbot_ws/install/yardbot_bringup/share/yardbot_bringup/environment/path.sh
[0.771s] -- Installing: /home/turner/yardbot_ws/install/yardbot_bringup/share/yardbot_bringup/environment/path.dsv
[0.771s] -- Installing: /home/turner/yardbot_ws/install/yardbot_bringup/share/yardbot_bringup/local_setup.bash
[0.771s] -- Installing: /home/turner/yardbot_ws/install/yardbot_bringup/share/yardbot_bringup/local_setup.sh
[0.771s] -- Installing: /home/turner/yardbot_ws/install/yardbot_bringup/share/yardbot_bringup/local_setup.zsh
[0.771s] -- Installing: /home/turner/yardbot_ws/install/yardbot_bringup/share/yardbot_bringup/local_setup.dsv
[0.771s] -- Installing: /home/turner/yardbot_ws/install/yardbot_bringup/share/yardbot_bringup/package.dsv
[0.772s] -- Installing: /home/turner/yardbot_ws/install/yardbot_bringup/share/ament_index/resource_index/packages/yardbot_bringup
[0.772s] -- Installing: /home/turner/yardbot_ws/install/yardbot_bringup/share/yardbot_bringup/cmake/yardbot_bringupConfig.cmake
[0.772s] -- Installing: /home/turner/yardbot_ws/install/yardbot_bringup/share/yardbot_bringup/cmake/yardbot_bringupConfig-version.cmake
[0.772s] -- Installing: /home/turner/yardbot_ws/install/yardbot_bringup/share/yardbot_bringup/package.xml
[0.773s] Invoked command in '/home/turner/yardbot_ws/build/yardbot_bringup' returned '0': CMAKE_PREFIX_PATH=${CMAKE_PREFIX_PATH}:/home/turner/yardbot_ws/install/yardbot_bringup:/opt/ros/jazzy DEBUGINFOD_URLS=https://debuginfod.ubuntu.com /usr/bin/cmake --install /home/turner/yardbot_ws/build/yardbot_bringup
