[0.108s] DEBUG:colcon:Command line arguments: ['/usr/bin/colcon', 'build', '--packages-select', 'yardbot_bringup']
[0.108s] DEBUG:colcon:Parsed command line arguments: Namespace(log_base=None, log_level=None, verb_name='build', build_base='build', install_base='install', merge_install=False, symlink_install=False, test_result_base=None, continue_on_error=False, executor='parallel', parallel_workers=16, event_handlers=None, ignore_user_meta=False, metas=['./colcon.meta'], base_paths=['.'], packages_ignore=None, packages_ignore_regex=None, paths=None, packages_up_to=None, packages_up_to_regex=None, packages_above=None, packages_above_and_dependencies=None, packages_above_depth=None, packages_select_by_dep=None, packages_skip_by_dep=None, packages_skip_up_to=None, packages_select_build_failed=False, packages_skip_build_finished=False, packages_select_test_failures=False, packages_skip_test_passed=False, packages_select=['yardbot_bringup'], packages_skip=None, packages_select_regex=None, packages_skip_regex=None, packages_start=None, packages_end=None, allow_overriding=[], cmake_args=None, cmake_target=None, cmake_target_skip_unavailable=False, cmake_clean_cache=False, cmake_clean_first=False, cmake_force_configure=False, ament_cmake_args=None, catkin_cmake_args=None, catkin_skip_building_tests=False, verb_parser=<colcon_defaults.argument_parser.defaults.DefaultArgumentsDecorator object at 0x74f8f00812b0>, verb_extension=<colcon_core.verb.build.BuildVerb object at 0x74f8f0003020>, main=<bound method BuildVerb.main of <colcon_core.verb.build.BuildVerb object at 0x74f8f0003020>>)
[0.152s] Level 1:colcon.colcon_core.package_discovery:discover_packages(colcon_meta) check parameters
[0.152s] Level 1:colcon.colcon_core.package_discovery:discover_packages(recursive) check parameters
[0.152s] Level 1:colcon.colcon_core.package_discovery:discover_packages(ignore) check parameters
[0.152s] Level 1:colcon.colcon_core.package_discovery:discover_packages(path) check parameters
[0.152s] Level 1:colcon.colcon_core.package_discovery:discover_packages(colcon_meta) discover
[0.152s] Level 1:colcon.colcon_core.package_discovery:discover_packages(recursive) discover
[0.152s] INFO:colcon.colcon_core.package_discovery:Crawling recursively for packages in '/home/turner/yardbot_ws'
[0.153s] Level 1:colcon.colcon_core.package_identification:_identify(.) by extensions ['ignore', 'ignore_ament_install']
[0.153s] Level 1:colcon.colcon_core.package_identification:_identify(.) by extension 'ignore'
[0.153s] Level 1:colcon.colcon_core.package_identification:_identify(.) by extension 'ignore_ament_install'
[0.153s] Level 1:colcon.colcon_core.package_identification:_identify(.) by extensions ['colcon_pkg']
[0.153s] Level 1:colcon.colcon_core.package_identification:_identify(.) by extension 'colcon_pkg'
[0.153s] Level 1:colcon.colcon_core.package_identification:_identify(.) by extensions ['colcon_meta']
[0.153s] Level 1:colcon.colcon_core.package_identification:_identify(.) by extension 'colcon_meta'
[0.153s] Level 1:colcon.colcon_core.package_identification:_identify(.) by extensions ['ros']
[0.153s] Level 1:colcon.colcon_core.package_identification:_identify(.) by extension 'ros'
[0.179s] Level 1:colcon.colcon_core.package_identification:_identify(.) by extensions ['cmake', 'python']
[0.179s] Level 1:colcon.colcon_core.package_identification:_identify(.) by extension 'cmake'
[0.179s] Level 1:colcon.colcon_core.package_identification:_identify(.) by extension 'python'
[0.179s] Level 1:colcon.colcon_core.package_identification:_identify(.) by extensions ['python_setup_py']
[0.179s] Level 1:colcon.colcon_core.package_identification:_identify(.) by extension 'python_setup_py'
[0.179s] Level 1:colcon.colcon_core.package_identification:_identify(build) by extensions ['ignore', 'ignore_ament_install']
[0.180s] Level 1:colcon.colcon_core.package_identification:_identify(build) by extension 'ignore'
[0.180s] Level 1:colcon.colcon_core.package_identification:_identify(build) ignored
[0.180s] Level 1:colcon.colcon_core.package_identification:_identify(install) by extensions ['ignore', 'ignore_ament_install']
[0.180s] Level 1:colcon.colcon_core.package_identification:_identify(install) by extension 'ignore'
[0.180s] Level 1:colcon.colcon_core.package_identification:_identify(install) ignored
[0.180s] Level 1:colcon.colcon_core.package_identification:_identify(log) by extensions ['ignore', 'ignore_ament_install']
[0.180s] Level 1:colcon.colcon_core.package_identification:_identify(log) by extension 'ignore'
[0.180s] Level 1:colcon.colcon_core.package_identification:_identify(log) ignored
[0.180s] Level 1:colcon.colcon_core.package_identification:_identify(src) by extensions ['ignore', 'ignore_ament_install']
[0.180s] Level 1:colcon.colcon_core.package_identification:_identify(src) by extension 'ignore'
[0.180s] Level 1:colcon.colcon_core.package_identification:_identify(src) by extension 'ignore_ament_install'
[0.181s] Level 1:colcon.colcon_core.package_identification:_identify(src) by extensions ['colcon_pkg']
[0.181s] Level 1:colcon.colcon_core.package_identification:_identify(src) by extension 'colcon_pkg'
[0.181s] Level 1:colcon.colcon_core.package_identification:_identify(src) by extensions ['colcon_meta']
[0.181s] Level 1:colcon.colcon_core.package_identification:_identify(src) by extension 'colcon_meta'
[0.181s] Level 1:colcon.colcon_core.package_identification:_identify(src) by extensions ['ros']
[0.181s] Level 1:colcon.colcon_core.package_identification:_identify(src) by extension 'ros'
[0.181s] Level 1:colcon.colcon_core.package_identification:_identify(src) by extensions ['cmake', 'python']
[0.181s] Level 1:colcon.colcon_core.package_identification:_identify(src) by extension 'cmake'
[0.181s] Level 1:colcon.colcon_core.package_identification:_identify(src) by extension 'python'
[0.181s] Level 1:colcon.colcon_core.package_identification:_identify(src) by extensions ['python_setup_py']
[0.181s] Level 1:colcon.colcon_core.package_identification:_identify(src) by extension 'python_setup_py'
[0.181s] Level 1:colcon.colcon_core.package_identification:_identify(src/build) by extensions ['ignore', 'ignore_ament_install']
[0.181s] Level 1:colcon.colcon_core.package_identification:_identify(src/build) by extension 'ignore'
[0.181s] Level 1:colcon.colcon_core.package_identification:_identify(src/build) ignored
[0.181s] Level 1:colcon.colcon_core.package_identification:_identify(src/install) by extensions ['ignore', 'ignore_ament_install']
[0.181s] Level 1:colcon.colcon_core.package_identification:_identify(src/install) by extension 'ignore'
[0.182s] Level 1:colcon.colcon_core.package_identification:_identify(src/install) ignored
[0.182s] Level 1:colcon.colcon_core.package_identification:_identify(src/log) by extensions ['ignore', 'ignore_ament_install']
[0.182s] Level 1:colcon.colcon_core.package_identification:_identify(src/log) by extension 'ignore'
[0.182s] Level 1:colcon.colcon_core.package_identification:_identify(src/log) ignored
[0.182s] Level 1:colcon.colcon_core.package_identification:_identify(src/yardbot_bringup) by extensions ['ignore', 'ignore_ament_install']
[0.182s] Level 1:colcon.colcon_core.package_identification:_identify(src/yardbot_bringup) by extension 'ignore'
[0.182s] Level 1:colcon.colcon_core.package_identification:_identify(src/yardbot_bringup) by extension 'ignore_ament_install'
[0.182s] Level 1:colcon.colcon_core.package_identification:_identify(src/yardbot_bringup) by extensions ['colcon_pkg']
[0.182s] Level 1:colcon.colcon_core.package_identification:_identify(src/yardbot_bringup) by extension 'colcon_pkg'
[0.182s] Level 1:colcon.colcon_core.package_identification:_identify(src/yardbot_bringup) by extensions ['colcon_meta']
[0.182s] Level 1:colcon.colcon_core.package_identification:_identify(src/yardbot_bringup) by extension 'colcon_meta'
[0.182s] Level 1:colcon.colcon_core.package_identification:_identify(src/yardbot_bringup) by extensions ['ros']
[0.182s] Level 1:colcon.colcon_core.package_identification:_identify(src/yardbot_bringup) by extension 'ros'
[0.185s] DEBUG:colcon.colcon_core.package_identification:Package 'src/yardbot_bringup' with type 'ros.ament_cmake' and name 'yardbot_bringup'
[0.186s] Level 1:colcon.colcon_core.package_identification:_identify(src/yardbot_description) by extensions ['ignore', 'ignore_ament_install']
[0.186s] Level 1:colcon.colcon_core.package_identification:_identify(src/yardbot_description) by extension 'ignore'
[0.186s] Level 1:colcon.colcon_core.package_identification:_identify(src/yardbot_description) by extension 'ignore_ament_install'
[0.186s] Level 1:colcon.colcon_core.package_identification:_identify(src/yardbot_description) by extensions ['colcon_pkg']
[0.186s] Level 1:colcon.colcon_core.package_identification:_identify(src/yardbot_description) by extension 'colcon_pkg'
[0.186s] Level 1:colcon.colcon_core.package_identification:_identify(src/yardbot_description) by extensions ['colcon_meta']
[0.186s] Level 1:colcon.colcon_core.package_identification:_identify(src/yardbot_description) by extension 'colcon_meta'
[0.186s] Level 1:colcon.colcon_core.package_identification:_identify(src/yardbot_description) by extensions ['ros']
[0.186s] Level 1:colcon.colcon_core.package_identification:_identify(src/yardbot_description) by extension 'ros'
[0.186s] DEBUG:colcon.colcon_core.package_identification:Package 'src/yardbot_description' with type 'ros.ament_cmake' and name 'yardbot_description'
[0.187s] Level 1:colcon.colcon_core.package_discovery:discover_packages(recursive) using defaults
[0.187s] Level 1:colcon.colcon_core.package_discovery:discover_packages(ignore) discover
[0.187s] Level 1:colcon.colcon_core.package_discovery:discover_packages(ignore) using defaults
[0.187s] Level 1:colcon.colcon_core.package_discovery:discover_packages(path) discover
[0.187s] Level 1:colcon.colcon_core.package_discovery:discover_packages(path) using defaults
[0.206s] INFO:colcon.colcon_core.package_selection:Skipping not selected package 'yardbot_description' in 'src/yardbot_description'
[0.206s] Level 1:colcon.colcon_core.package_discovery:discover_packages(prefix_path) check parameters
[0.206s] Level 1:colcon.colcon_core.package_discovery:discover_packages(prefix_path) discover
[0.208s] DEBUG:colcon.colcon_installed_package_information.package_discovery:Found 2 installed packages in /home/turner/yardbot_ws/install
[0.210s] DEBUG:colcon.colcon_installed_package_information.package_discovery:Found 305 installed packages in /opt/ros/jazzy
[0.210s] Level 1:colcon.colcon_core.package_discovery:discover_packages(prefix_path) using defaults
[0.257s] Level 5:colcon.colcon_core.verb:set package 'yardbot_bringup' build argument 'cmake_args' from command line to 'None'
[0.258s] Level 5:colcon.colcon_core.verb:set package 'yardbot_bringup' build argument 'cmake_target' from command line to 'None'
[0.258s] Level 5:colcon.colcon_core.verb:set package 'yardbot_bringup' build argument 'cmake_target_skip_unavailable' from command line to 'False'
[0.258s] Level 5:colcon.colcon_core.verb:set package 'yardbot_bringup' build argument 'cmake_clean_cache' from command line to 'False'
[0.258s] Level 5:colcon.colcon_core.verb:set package 'yardbot_bringup' build argument 'cmake_clean_first' from command line to 'False'
[0.258s] Level 5:colcon.colcon_core.verb:set package 'yardbot_bringup' build argument 'cmake_force_configure' from command line to 'False'
[0.258s] Level 5:colcon.colcon_core.verb:set package 'yardbot_bringup' build argument 'ament_cmake_args' from command line to 'None'
[0.258s] Level 5:colcon.colcon_core.verb:set package 'yardbot_bringup' build argument 'catkin_cmake_args' from command line to 'None'
[0.258s] Level 5:colcon.colcon_core.verb:set package 'yardbot_bringup' build argument 'catkin_skip_building_tests' from command line to 'False'
[0.258s] DEBUG:colcon.colcon_core.verb:Building package 'yardbot_bringup' with the following arguments: {'ament_cmake_args': None, 'build_base': '/home/turner/yardbot_ws/build/yardbot_bringup', 'catkin_cmake_args': None, 'catkin_skip_building_tests': False, 'cmake_args': None, 'cmake_clean_cache': False, 'cmake_clean_first': False, 'cmake_force_configure': False, 'cmake_target': None, 'cmake_target_skip_unavailable': False, 'install_base': '/home/turner/yardbot_ws/install/yardbot_bringup', 'merge_install': False, 'path': '/home/turner/yardbot_ws/src/yardbot_bringup', 'symlink_install': False, 'test_result_base': None}
[0.258s] INFO:colcon.colcon_core.executor:Executing jobs using 'parallel' executor
[0.259s] DEBUG:colcon.colcon_parallel_executor.executor.parallel:run_until_complete
[0.259s] INFO:colcon.colcon_ros.task.ament_cmake.build:Building ROS package in '/home/turner/yardbot_ws/src/yardbot_bringup' with build type 'ament_cmake'
[0.259s] INFO:colcon.colcon_cmake.task.cmake.build:Building CMake package in '/home/turner/yardbot_ws/src/yardbot_bringup'
[0.262s] INFO:colcon.colcon_core.plugin_system:Skipping extension 'colcon_core.shell.bat': Not used on non-Windows systems
[0.262s] INFO:colcon.colcon_core.shell:Skip shell extension 'powershell' for command environment: Not usable outside of PowerShell
[0.262s] DEBUG:colcon.colcon_core.shell:Skip shell extension 'dsv' for command environment
[0.273s] DEBUG:colcon.colcon_core.event_handler.log_command:Invoking command in '/home/turner/yardbot_ws/build/yardbot_bringup': CMAKE_PREFIX_PATH=/home/turner/yardbot_ws/install/yardbot_description:/home/turner/yardbot_ws/install/yardbot_bringup:/opt/ros/jazzy/opt/gz_math_vendor:/opt/ros/jazzy/opt/gz_utils_vendor:/opt/ros/jazzy/opt/gz_cmake_vendor:/opt/ros/jazzy DEBUGINFOD_URLS=https://debuginfod.ubuntu.com /usr/bin/cmake --build /home/turner/yardbot_ws/build/yardbot_bringup -- -j16 -l16
[0.319s] DEBUG:colcon.colcon_core.event_handler.log_command:Invoked command in '/home/turner/yardbot_ws/build/yardbot_bringup' returned '0': CMAKE_PREFIX_PATH=/home/turner/yardbot_ws/install/yardbot_description:/home/turner/yardbot_ws/install/yardbot_bringup:/opt/ros/jazzy/opt/gz_math_vendor:/opt/ros/jazzy/opt/gz_utils_vendor:/opt/ros/jazzy/opt/gz_cmake_vendor:/opt/ros/jazzy DEBUGINFOD_URLS=https://debuginfod.ubuntu.com /usr/bin/cmake --build /home/turner/yardbot_ws/build/yardbot_bringup -- -j16 -l16
[0.331s] DEBUG:colcon.colcon_core.event_handler.log_command:Invoking command in '/home/turner/yardbot_ws/build/yardbot_bringup': CMAKE_PREFIX_PATH=/home/turner/yardbot_ws/install/yardbot_description:/home/turner/yardbot_ws/install/yardbot_bringup:/opt/ros/jazzy/opt/gz_math_vendor:/opt/ros/jazzy/opt/gz_utils_vendor:/opt/ros/jazzy/opt/gz_cmake_vendor:/opt/ros/jazzy DEBUGINFOD_URLS=https://debuginfod.ubuntu.com /usr/bin/cmake --install /home/turner/yardbot_ws/build/yardbot_bringup
[0.342s] Level 1:colcon.colcon_core.environment:create_environment_scripts_only(yardbot_bringup)
[0.343s] DEBUG:colcon.colcon_core.event_handler.log_command:Invoked command in '/home/turner/yardbot_ws/build/yardbot_bringup' returned '0': CMAKE_PREFIX_PATH=/home/turner/yardbot_ws/install/yardbot_description:/home/turner/yardbot_ws/install/yardbot_bringup:/opt/ros/jazzy/opt/gz_math_vendor:/opt/ros/jazzy/opt/gz_utils_vendor:/opt/ros/jazzy/opt/gz_cmake_vendor:/opt/ros/jazzy DEBUGINFOD_URLS=https://debuginfod.ubuntu.com /usr/bin/cmake --install /home/turner/yardbot_ws/build/yardbot_bringup
[0.345s] Level 1:colcon.colcon_core.environment:checking '/home/turner/yardbot_ws/install/yardbot_bringup' for CMake module files
[0.345s] Level 1:colcon.colcon_core.environment:checking '/home/turner/yardbot_ws/install/yardbot_bringup' for CMake config files
[0.345s] Level 1:colcon.colcon_core.shell:create_environment_hook('yardbot_bringup', 'cmake_prefix_path')
[0.346s] INFO:colcon.colcon_core.shell:Creating environment hook '/home/turner/yardbot_ws/install/yardbot_bringup/share/yardbot_bringup/hook/cmake_prefix_path.ps1'
[0.346s] INFO:colcon.colcon_core.shell:Creating environment descriptor '/home/turner/yardbot_ws/install/yardbot_bringup/share/yardbot_bringup/hook/cmake_prefix_path.dsv'
[0.347s] INFO:colcon.colcon_core.shell:Creating environment hook '/home/turner/yardbot_ws/install/yardbot_bringup/share/yardbot_bringup/hook/cmake_prefix_path.sh'
[0.348s] Level 1:colcon.colcon_core.environment:checking '/home/turner/yardbot_ws/install/yardbot_bringup/lib'
[0.348s] Level 1:colcon.colcon_core.environment:checking '/home/turner/yardbot_ws/install/yardbot_bringup/bin'
[0.348s] Level 1:colcon.colcon_core.environment:checking '/home/turner/yardbot_ws/install/yardbot_bringup/lib/pkgconfig/yardbot_bringup.pc'
[0.348s] Level 1:colcon.colcon_core.environment:checking '/home/turner/yardbot_ws/install/yardbot_bringup/lib/python3.12/site-packages'
[0.348s] Level 1:colcon.colcon_core.shell:create_environment_hook('yardbot_bringup', 'pythonpath')
[0.349s] INFO:colcon.colcon_core.shell:Creating environment hook '/home/turner/yardbot_ws/install/yardbot_bringup/share/yardbot_bringup/hook/pythonpath.ps1'
[0.349s] INFO:colcon.colcon_core.shell:Creating environment descriptor '/home/turner/yardbot_ws/install/yardbot_bringup/share/yardbot_bringup/hook/pythonpath.dsv'
[0.349s] INFO:colcon.colcon_core.shell:Creating environment hook '/home/turner/yardbot_ws/install/yardbot_bringup/share/yardbot_bringup/hook/pythonpath.sh'
[0.350s] Level 1:colcon.colcon_core.environment:checking '/home/turner/yardbot_ws/install/yardbot_bringup/bin'
[0.350s] INFO:colcon.colcon_core.shell:Creating package script '/home/turner/yardbot_ws/install/yardbot_bringup/share/yardbot_bringup/package.ps1'
[0.351s] INFO:colcon.colcon_core.shell:Creating package descriptor '/home/turner/yardbot_ws/install/yardbot_bringup/share/yardbot_bringup/package.dsv'
[0.351s] INFO:colcon.colcon_core.shell:Creating package script '/home/turner/yardbot_ws/install/yardbot_bringup/share/yardbot_bringup/package.sh'
[0.352s] INFO:colcon.colcon_core.shell:Creating package script '/home/turner/yardbot_ws/install/yardbot_bringup/share/yardbot_bringup/package.bash'
[0.353s] INFO:colcon.colcon_core.shell:Creating package script '/home/turner/yardbot_ws/install/yardbot_bringup/share/yardbot_bringup/package.zsh'
[0.353s] Level 1:colcon.colcon_core.environment:create_file_with_runtime_dependencies(/home/turner/yardbot_ws/install/yardbot_bringup/share/colcon-core/packages/yardbot_bringup)
[0.354s] Level 1:colcon.colcon_core.environment:create_environment_scripts_only(yardbot_bringup)
[0.354s] Level 1:colcon.colcon_core.environment:checking '/home/turner/yardbot_ws/install/yardbot_bringup' for CMake module files
[0.354s] Level 1:colcon.colcon_core.environment:checking '/home/turner/yardbot_ws/install/yardbot_bringup' for CMake config files
[0.355s] Level 1:colcon.colcon_core.shell:create_environment_hook('yardbot_bringup', 'cmake_prefix_path')
[0.355s] INFO:colcon.colcon_core.shell:Creating environment hook '/home/turner/yardbot_ws/install/yardbot_bringup/share/yardbot_bringup/hook/cmake_prefix_path.ps1'
[0.355s] INFO:colcon.colcon_core.shell:Creating environment descriptor '/home/turner/yardbot_ws/install/yardbot_bringup/share/yardbot_bringup/hook/cmake_prefix_path.dsv'
[0.355s] INFO:colcon.colcon_core.shell:Creating environment hook '/home/turner/yardbot_ws/install/yardbot_bringup/share/yardbot_bringup/hook/cmake_prefix_path.sh'
[0.356s] Level 1:colcon.colcon_core.environment:checking '/home/turner/yardbot_ws/install/yardbot_bringup/lib'
[0.356s] Level 1:colcon.colcon_core.environment:checking '/home/turner/yardbot_ws/install/yardbot_bringup/bin'
[0.356s] Level 1:colcon.colcon_core.environment:checking '/home/turner/yardbot_ws/install/yardbot_bringup/lib/pkgconfig/yardbot_bringup.pc'
[0.356s] Level 1:colcon.colcon_core.environment:checking '/home/turner/yardbot_ws/install/yardbot_bringup/lib/python3.12/site-packages'
[0.356s] Level 1:colcon.colcon_core.shell:create_environment_hook('yardbot_bringup', 'pythonpath')
[0.357s] INFO:colcon.colcon_core.shell:Creating environment hook '/home/turner/yardbot_ws/install/yardbot_bringup/share/yardbot_bringup/hook/pythonpath.ps1'
[0.357s] INFO:colcon.colcon_core.shell:Creating environment descriptor '/home/turner/yardbot_ws/install/yardbot_bringup/share/yardbot_bringup/hook/pythonpath.dsv'
[0.357s] INFO:colcon.colcon_core.shell:Creating environment hook '/home/turner/yardbot_ws/install/yardbot_bringup/share/yardbot_bringup/hook/pythonpath.sh'
[0.358s] Level 1:colcon.colcon_core.environment:checking '/home/turner/yardbot_ws/install/yardbot_bringup/bin'
[0.358s] INFO:colcon.colcon_core.shell:Creating package script '/home/turner/yardbot_ws/install/yardbot_bringup/share/yardbot_bringup/package.ps1'
[0.359s] INFO:colcon.colcon_core.shell:Creating package descriptor '/home/turner/yardbot_ws/install/yardbot_bringup/share/yardbot_bringup/package.dsv'
[0.359s] INFO:colcon.colcon_core.shell:Creating package script '/home/turner/yardbot_ws/install/yardbot_bringup/share/yardbot_bringup/package.sh'
[0.360s] INFO:colcon.colcon_core.shell:Creating package script '/home/turner/yardbot_ws/install/yardbot_bringup/share/yardbot_bringup/package.bash'
[0.360s] INFO:colcon.colcon_core.shell:Creating package script '/home/turner/yardbot_ws/install/yardbot_bringup/share/yardbot_bringup/package.zsh'
[0.361s] Level 1:colcon.colcon_core.environment:create_file_with_runtime_dependencies(/home/turner/yardbot_ws/install/yardbot_bringup/share/colcon-core/packages/yardbot_bringup)
[0.361s] DEBUG:colcon.colcon_parallel_executor.executor.parallel:closing loop
[0.361s] DEBUG:colcon.colcon_parallel_executor.executor.parallel:loop closed
[0.361s] DEBUG:colcon.colcon_parallel_executor.executor.parallel:run_until_complete finished with '0'
[0.361s] DEBUG:colcon.colcon_core.event_reactor:joining thread
[0.367s] INFO:colcon.colcon_core.plugin_system:Skipping extension 'colcon_notification.desktop_notification.terminal_notifier': Not used on non-Darwin systems
[0.367s] INFO:colcon.colcon_core.plugin_system:Skipping extension 'colcon_notification.desktop_notification.win32': Not used on non-Windows systems
[0.367s] INFO:colcon.colcon_notification.desktop_notification:Sending desktop notification using 'notify2'
[0.378s] DEBUG:colcon.colcon_core.event_reactor:joined thread
[0.378s] INFO:colcon.colcon_core.shell:Creating prefix script '/home/turner/yardbot_ws/install/local_setup.ps1'
[0.379s] INFO:colcon.colcon_core.shell:Creating prefix util module '/home/turner/yardbot_ws/install/_local_setup_util_ps1.py'
[0.380s] INFO:colcon.colcon_core.shell:Creating prefix chain script '/home/turner/yardbot_ws/install/setup.ps1'
[0.381s] INFO:colcon.colcon_core.shell:Creating prefix script '/home/turner/yardbot_ws/install/local_setup.sh'
[0.382s] INFO:colcon.colcon_core.shell:Creating prefix util module '/home/turner/yardbot_ws/install/_local_setup_util_sh.py'
[0.382s] INFO:colcon.colcon_core.shell:Creating prefix chain script '/home/turner/yardbot_ws/install/setup.sh'
[0.383s] INFO:colcon.colcon_core.shell:Creating prefix script '/home/turner/yardbot_ws/install/local_setup.bash'
[0.384s] INFO:colcon.colcon_core.shell:Creating prefix chain script '/home/turner/yardbot_ws/install/setup.bash'
[0.384s] INFO:colcon.colcon_core.shell:Creating prefix script '/home/turner/yardbot_ws/install/local_setup.zsh'
[0.385s] INFO:colcon.colcon_core.shell:Creating prefix chain script '/home/turner/yardbot_ws/install/setup.zsh'
