running egg_info
writing ../../build/yardbot_bringup/yardbot_bringup.egg-info/PKG-INFO
writing dependency_links to ../../build/yardbot_bringup/yardbot_bringup.egg-info/dependency_links.txt
writing entry points to ../../build/yardbot_bringup/yardbot_bringup.egg-info/entry_points.txt
writing requirements to ../../build/yardbot_bringup/yardbot_bringup.egg-info/requires.txt
writing top-level names to ../../build/yardbot_bringup/yardbot_bringup.egg-info/top_level.txt
reading manifest file '../../build/yardbot_bringup/yardbot_bringup.egg-info/SOURCES.txt'
writing manifest file '../../build/yardbot_bringup/yardbot_bringup.egg-info/SOURCES.txt'
running build
running build_py
running install
running install_lib
running install_data
copying launch/tags_bringup.launch.py -> /home/turner/yardbot_ws/install/yardbot_bringup/share/yardbot_bringup/launch
running install_egg_info
removing '/home/turner/yardbot_ws/install/yardbot_bringup/lib/python3.12/site-packages/yardbot_bringup-0.1.0-py3.12.egg-info' (and everything under it)
Copying ../../build/yardbot_bringup/yardbot_bringup.egg-info to /home/turner/yardbot_ws/install/yardbot_bringup/lib/python3.12/site-packages/yardbot_bringup-0.1.0-py3.12.egg-info
running install_scripts
Installing depth_to_grid script to /home/turner/yardbot_ws/install/yardbot_bringup/bin
Installing qos_relay script to /home/turner/yardbot_ws/install/yardbot_bringup/bin
writing list of installed files to '/home/turner/yardbot_ws/build/yardbot_bringup/install.log'
