running egg_info
creating ../../build/yardbot_description/yardbot_description.egg-info
writing ../../build/yardbot_description/yardbot_description.egg-info/PKG-INFO
writing dependency_links to ../../build/yardbot_description/yardbot_description.egg-info/dependency_links.txt
writing requirements to ../../build/yardbot_description/yardbot_description.egg-info/requires.txt
writing top-level names to ../../build/yardbot_description/yardbot_description.egg-info/top_level.txt
writing manifest file '../../build/yardbot_description/yardbot_description.egg-info/SOURCES.txt'
reading manifest file '../../build/yardbot_description/yardbot_description.egg-info/SOURCES.txt'
writing manifest file '../../build/yardbot_description/yardbot_description.egg-info/SOURCES.txt'
running build
running build_py
creating /home/turner/yardbot_ws/build/yardbot_description/build
creating /home/turner/yardbot_ws/build/yardbot_description/build/lib
creating /home/turner/yardbot_ws/build/yardbot_description/build/lib/yardbot_description
copying yardbot_description/__init__.py -> /home/turner/yardbot_ws/build/yardbot_description/build/lib/yardbot_description
running install
running install_lib
creating /home/turner/yardbot_ws/install/yardbot_description/lib/python3.12/site-packages/yardbot_description
copying /home/turner/yardbot_ws/build/yardbot_description/build/lib/yardbot_description/__init__.py -> /home/turner/yardbot_ws/install/yardbot_description/lib/python3.12/site-packages/yardbot_description
byte-compiling /home/turner/yardbot_ws/install/yardbot_description/lib/python3.12/site-packages/yardbot_description/__init__.py to __init__.cpython-312.pyc
running install_data
copying resource/yardbot_description -> /home/turner/yardbot_ws/install/yardbot_description/share/ament_index/resource_index/packages
creating /home/turner/yardbot_ws/install/yardbot_description/share/yardbot_description/launch
copying launch/robot_description.launch.py -> /home/turner/yardbot_ws/install/yardbot_description/share/yardbot_description/launch
creating /home/turner/yardbot_ws/install/yardbot_description/share/yardbot_description/urdf
copying urdf/yardbot.urdf.xacro -> /home/turner/yardbot_ws/install/yardbot_description/share/yardbot_description/urdf
running install_egg_info
Copying ../../build/yardbot_description/yardbot_description.egg-info to /home/turner/yardbot_ws/install/yardbot_description/lib/python3.12/site-packages/yardbot_description-0.0.0-py3.12.egg-info
running install_scripts
writing list of installed files to '/home/turner/yardbot_ws/build/yardbot_description/install.log'
