[0.768s] Invoking command in '/home/turner/yardbot_ws/src/yardbot_description': DEBUGINFOD_URLS=https://debuginfod.ubuntu.com PYTHONPATH=/home/turner/yardbot_ws/build/yardbot_description/prefix_override:/usr/lib/python3/dist-packages/colcon_core/task/python/colcon_distutils_commands:/home/turner/yardbot_ws/install/yardbot_description/lib/python3.12/site-packages:${PYTHONPATH} VIRTUAL_ENV_PROMPT=(.venv) /usr/bin/python3 -W ignore:setup.py install is deprecated -W ignore:easy_install command is deprecated setup.py egg_info --egg-base ../../build/yardbot_description build --build-base /home/turner/yardbot_ws/build/yardbot_description/build install --record /home/turner/yardbot_ws/build/yardbot_description/install.log --single-version-externally-managed install_data
[0.947s] running egg_info
[0.947s] creating ../../build/yardbot_description/yardbot_description.egg-info
[0.960s] writing ../../build/yardbot_description/yardbot_description.egg-info/PKG-INFO
[0.960s] writing dependency_links to ../../build/yardbot_description/yardbot_description.egg-info/dependency_links.txt
[0.960s] writing requirements to ../../build/yardbot_description/yardbot_description.egg-info/requires.txt
[0.960s] writing top-level names to ../../build/yardbot_description/yardbot_description.egg-info/top_level.txt
[0.961s] writing manifest file '../../build/yardbot_description/yardbot_description.egg-info/SOURCES.txt'
[0.987s] reading manifest file '../../build/yardbot_description/yardbot_description.egg-info/SOURCES.txt'
[0.987s] writing manifest file '../../build/yardbot_description/yardbot_description.egg-info/SOURCES.txt'
[0.987s] running build
[0.987s] running build_py
[0.987s] creating /home/turner/yardbot_ws/build/yardbot_description/build
[0.988s] creating /home/turner/yardbot_ws/build/yardbot_description/build/lib
[0.988s] creating /home/turner/yardbot_ws/build/yardbot_description/build/lib/yardbot_description
[0.988s] copying yardbot_description/__init__.py -> /home/turner/yardbot_ws/build/yardbot_description/build/lib/yardbot_description
[0.988s] running install
[0.992s] running install_lib
[1.005s] creating /home/turner/yardbot_ws/install/yardbot_description/lib/python3.12/site-packages/yardbot_description
[1.005s] copying /home/turner/yardbot_ws/build/yardbot_description/build/lib/yardbot_description/__init__.py -> /home/turner/yardbot_ws/install/yardbot_description/lib/python3.12/site-packages/yardbot_description
[1.006s] byte-compiling /home/turner/yardbot_ws/install/yardbot_description/lib/python3.12/site-packages/yardbot_description/__init__.py to __init__.cpython-312.pyc
[1.006s] running install_data
[1.006s] copying resource/yardbot_description -> /home/turner/yardbot_ws/install/yardbot_description/share/ament_index/resource_index/packages
[1.006s] creating /home/turner/yardbot_ws/install/yardbot_description/share/yardbot_description/launch
[1.006s] copying launch/robot_description.launch.py -> /home/turner/yardbot_ws/install/yardbot_description/share/yardbot_description/launch
[1.006s] creating /home/turner/yardbot_ws/install/yardbot_description/share/yardbot_description/urdf
[1.006s] copying urdf/yardbot.urdf.xacro -> /home/turner/yardbot_ws/install/yardbot_description/share/yardbot_description/urdf
[1.006s] running install_egg_info
[1.020s] Copying ../../build/yardbot_description/yardbot_description.egg-info to /home/turner/yardbot_ws/install/yardbot_description/lib/python3.12/site-packages/yardbot_description-0.0.0-py3.12.egg-info
[1.021s] running install_scripts
[1.112s] writing list of installed files to '/home/turner/yardbot_ws/build/yardbot_description/install.log'
[1.135s] Invoked command in '/home/turner/yardbot_ws/src/yardbot_description' returned '0': DEBUGINFOD_URLS=https://debuginfod.ubuntu.com PYTHONPATH=/home/turner/yardbot_ws/build/yardbot_description/prefix_override:/usr/lib/python3/dist-packages/colcon_core/task/python/colcon_distutils_commands:/home/turner/yardbot_ws/install/yardbot_description/lib/python3.12/site-packages:${PYTHONPATH} VIRTUAL_ENV_PROMPT=(.venv) /usr/bin/python3 -W ignore:setup.py install is deprecated -W ignore:easy_install command is deprecated setup.py egg_info --egg-base ../../build/yardbot_description build --build-base /home/turner/yardbot_ws/build/yardbot_description/build install --record /home/turner/yardbot_ws/build/yardbot_description/install.log --single-version-externally-managed install_data
